{"meta": {"format": 3, "version": "7.13.5", "timestamp": "2026-04-24T13:56:31.751771", "branch_coverage": true, "show_contexts": false}, "files": {"mcp_common/backends/pyobjc.py": {"executed_lines": [13, 14, 15, 16, 18, 19, 24, 34, 35, 47, 55, 64, 65, 71, 72, 75, 77, 78, 84, 86, 94, 95, 101, 105, 118, 131, 160, 199, 217, 241, 278, 300, 337, 359, 388, 409, 434, 450, 466], "summary": {"covered_lines": 39, "num_statements": 157, "percent_covered": 21.465968586387433, "percent_covered_display": "21", "missing_lines": 118, "excluded_lines": 6, "percent_statements_covered": 24.840764331210192, "percent_statements_covered_display": "25", "num_branches": 34, "num_partial_branches": 0, "covered_branches": 2, "missing_branches": 32, "percent_branches_covered": 5.882352941176471, "percent_branches_covered_display": "6"}, "missing_lines": [36, 38, 92, 110, 111, 116, 123, 124, 125, 127, 141, 142, 144, 145, 155, 156, 170, 171, 172, 174, 175, 178, 179, 182, 187, 190, 193, 194, 195, 197, 208, 209, 211, 215, 226, 227, 236, 237, 250, 251, 252, 255, 256, 258, 260, 261, 264, 267, 268, 271, 273, 274, 276, 286, 287, 295, 296, 308, 309, 310, 313, 314, 316, 317, 319, 322, 323, 326, 328, 329, 330, 331, 333, 345, 346, 354, 355, 367, 370, 371, 373, 374, 375, 378, 379, 382, 384, 395, 396, 403, 404, 405, 416, 417, 418, 419, 420, 422, 423, 425, 427, 428, 429, 430, 432, 439, 440, 445, 446, 452, 453, 454, 455, 457, 459, 460, 461, 463], "excluded_lines": [30, 31, 39, 40, 43, 44], "executed_branches": [[64, 65], [64, 71]], "missing_branches": [[110, 111], [110, 116], [123, 124], [123, 127], [141, 142], [141, 144], [174, 175], [174, 178], [178, 179], [178, 182], [194, 195], [194, 197], [255, 256], [255, 258], [273, 274], [273, 276], [316, 317], [316, 319], [328, 329], [328, 333], [330, 331], [330, 333], [370, 371], [370, 373], [378, 379], [378, 382], [422, 423], [422, 425], [427, 428], [427, 432], [459, 460], [459, 463]], "functions": {"PyObjCPromptBackend.__init__": {"executed_lines": [64, 65, 71, 72, 75], "summary": {"covered_lines": 5, "num_statements": 5, "percent_covered": 100.0, "percent_covered_display": "100", "missing_lines": 0, "excluded_lines": 0, "percent_statements_covered": 100.0, "percent_statements_covered_display": "100", "num_branches": 2, "num_partial_branches": 0, "covered_branches": 2, "missing_branches": 0, "percent_branches_covered": 100.0, "percent_branches_covered_display": "100"}, "missing_lines": [], "excluded_lines": [], "start_line": 55, "executed_branches": [[64, 65], [64, 71]], "missing_branches": []}, "PyObjCPromptBackend.is_available_static": {"executed_lines": [84], "summary": {"covered_lines": 1, "num_statements": 1, "percent_covered": 100.0, "percent_covered_display": "100", "missing_lines": 0, "excluded_lines": 0, "percent_statements_covered": 100.0, "percent_statements_covered_display": "100", "num_branches": 0, "num_partial_branches": 0, "covered_branches": 0, "missing_branches": 0, "percent_branches_covered": 100.0, "percent_branches_covered_display": "100"}, "missing_lines": [], "excluded_lines": [], "start_line": 78, "executed_branches": [], "missing_branches": []}, "PyObjCPromptBackend.is_available": {"executed_lines": [], "summary": {"covered_lines": 0, "num_statements": 1, "percent_covered": 0.0, "percent_covered_display": "0", "missing_lines": 1, "excluded_lines": 0, "percent_statements_covered": 0.0, "percent_statements_covered_display": "0", "num_branches": 0, "num_partial_branches": 0, "covered_branches": 0, "missing_branches": 0, "percent_branches_covered": 100.0, "percent_branches_covered_display": "100"}, "missing_lines": [92], "excluded_lines": [], "start_line": 86, "executed_branches": [], "missing_branches": []}, "PyObjCPromptBackend.backend_name": {"executed_lines": [101], "summary": {"covered_lines": 1, "num_statements": 1, "percent_covered": 100.0, "percent_covered_display": "100", "missing_lines": 0, "excluded_lines": 0, "percent_statements_covered": 100.0, "percent_statements_covered_display": "100", "num_branches": 0, "num_partial_branches": 0, "covered_branches": 0, "missing_branches": 0, "percent_branches_covered": 100.0, "percent_branches_covered_display": "100"}, "missing_lines": [], "excluded_lines": [], "start_line": 95, "executed_branches": [], "missing_branches": []}, "PyObjCPromptBackend.initialize": {"executed_lines": [], "summary": {"covered_lines": 0, "num_statements": 3, "percent_covered": 0.0, "percent_covered_display": "0", "missing_lines": 3, "excluded_lines": 0, "percent_statements_covered": 0.0, "percent_statements_covered_display": "0", "num_branches": 2, "num_partial_branches": 0, "covered_branches": 0, "missing_branches": 2, "percent_branches_covered": 0.0, "percent_branches_covered_display": "0"}, "missing_lines": [110, 111, 116], "excluded_lines": [], "start_line": 105, "executed_branches": [], "missing_branches": [[110, 111], [110, 116]]}, "PyObjCPromptBackend.shutdown": {"executed_lines": [], "summary": {"covered_lines": 0, "num_statements": 4, "percent_covered": 0.0, "percent_covered_display": "0", "missing_lines": 4, "excluded_lines": 0, "percent_statements_covered": 0.0, "percent_statements_covered_display": "0", "num_branches": 2, "num_partial_branches": 0, "covered_branches": 0, "missing_branches": 2, "percent_branches_covered": 0.0, "percent_branches_covered_display": "0"}, "missing_lines": [123, 124, 125, 127], "excluded_lines": [], "start_line": 118, "executed_branches": [], "missing_branches": [[123, 124], [123, 127]]}, "PyObjCPromptBackend.alert": {"executed_lines": [], "summary": {"covered_lines": 0, "num_statements": 6, "percent_covered": 0.0, "percent_covered_display": "0", "missing_lines": 6, "excluded_lines": 0, "percent_statements_covered": 0.0, "percent_statements_covered_display": "0", "num_branches": 2, "num_partial_branches": 0, "covered_branches": 0, "missing_branches": 2, "percent_branches_covered": 0.0, "percent_branches_covered_display": "0"}, "missing_lines": [141, 142, 144, 145, 155, 156], "excluded_lines": [], "start_line": 131, "executed_branches": [], "missing_branches": [[141, 142], [141, 144]]}, "PyObjCPromptBackend._alert_sync": {"executed_lines": [], "summary": {"covered_lines": 0, "num_statements": 14, "percent_covered": 0.0, "percent_covered_display": "0", "missing_lines": 14, "excluded_lines": 0, "percent_statements_covered": 0.0, "percent_statements_covered_display": "0", "num_branches": 6, "num_partial_branches": 0, "covered_branches": 0, "missing_branches": 6, "percent_branches_covered": 0.0, "percent_branches_covered_display": "0"}, "missing_lines": [170, 171, 172, 174, 175, 178, 179, 182, 187, 190, 193, 194, 195, 197], "excluded_lines": [], "start_line": 160, "executed_branches": [], "missing_branches": [[174, 175], [174, 178], [178, 179], [178, 182], [194, 195], [194, 197]]}, "PyObjCPromptBackend.confirm": {"executed_lines": [], "summary": {"covered_lines": 0, "num_statements": 4, "percent_covered": 0.0, "percent_covered_display": "0", "missing_lines": 4, "excluded_lines": 0, "percent_statements_covered": 0.0, "percent_statements_covered_display": "0", "num_branches": 0, "num_partial_branches": 0, "covered_branches": 0, "missing_branches": 0, "percent_branches_covered": 100.0, "percent_branches_covered_display": "100"}, "missing_lines": [208, 209, 211, 215], "excluded_lines": [], "start_line": 199, "executed_branches": [], "missing_branches": []}, "PyObjCPromptBackend.prompt_text": {"executed_lines": [], "summary": {"covered_lines": 0, "num_statements": 4, "percent_covered": 0.0, "percent_covered_display": "0", "missing_lines": 4, "excluded_lines": 0, "percent_statements_covered": 0.0, "percent_statements_covered_display": "0", "num_branches": 0, "num_partial_branches": 0, "covered_branches": 0, "missing_branches": 0, "percent_branches_covered": 100.0, "percent_branches_covered_display": "100"}, "missing_lines": [226, 227, 236, 237], "excluded_lines": [], "start_line": 217, "executed_branches": [], "missing_branches": []}, "PyObjCPromptBackend._prompt_text_sync": {"executed_lines": [], "summary": {"covered_lines": 0, "num_statements": 15, "percent_covered": 0.0, "percent_covered_display": "0", "missing_lines": 15, "excluded_lines": 0, "percent_statements_covered": 0.0, "percent_statements_covered_display": "0", "num_branches": 4, "num_partial_branches": 0, "covered_branches": 0, "missing_branches": 4, "percent_branches_covered": 0.0, "percent_branches_covered_display": "0"}, "missing_lines": [250, 251, 252, 255, 256, 258, 260, 261, 264, 267, 268, 271, 273, 274, 276], "excluded_lines": [], "start_line": 241, "executed_branches": [], "missing_branches": [[255, 256], [255, 258], [273, 274], [273, 276]]}, "PyObjCPromptBackend.prompt_choice": {"executed_lines": [], "summary": {"covered_lines": 0, "num_statements": 4, "percent_covered": 0.0, "percent_covered_display": "0", "missing_lines": 4, "excluded_lines": 0, "percent_statements_covered": 0.0, "percent_statements_covered_display": "0", "num_branches": 0, "num_partial_branches": 0, "covered_branches": 0, "missing_branches": 0, "percent_branches_covered": 100.0, "percent_branches_covered_display": "100"}, "missing_lines": [286, 287, 295, 296], "excluded_lines": [], "start_line": 278, "executed_branches": [], "missing_branches": []}, "PyObjCPromptBackend._prompt_choice_sync": {"executed_lines": [], "summary": {"covered_lines": 0, "num_statements": 16, "percent_covered": 0.0, "percent_covered_display": "0", "missing_lines": 16, "excluded_lines": 0, "percent_statements_covered": 0.0, "percent_statements_covered_display": "0", "num_branches": 6, "num_partial_branches": 0, "covered_branches": 0, "missing_branches": 6, "percent_branches_covered": 0.0, "percent_branches_covered_display": "0"}, "missing_lines": [308, 309, 310, 313, 314, 316, 317, 319, 322, 323, 326, 328, 329, 330, 331, 333], "excluded_lines": [], "start_line": 300, "executed_branches": [], "missing_branches": [[316, 317], [316, 319], [328, 329], [328, 333], [330, 331], [330, 333]]}, "PyObjCPromptBackend.notify": {"executed_lines": [], "summary": {"covered_lines": 0, "num_statements": 4, "percent_covered": 0.0, "percent_covered_display": "0", "missing_lines": 4, "excluded_lines": 0, "percent_statements_covered": 0.0, "percent_statements_covered_display": "0", "num_branches": 0, "num_partial_branches": 0, "covered_branches": 0, "missing_branches": 0, "percent_branches_covered": 100.0, "percent_branches_covered_display": "100"}, "missing_lines": [345, 346, 354, 355], "excluded_lines": [], "start_line": 337, "executed_branches": [], "missing_branches": []}, "PyObjCPromptBackend._notify_sync": {"executed_lines": [], "summary": {"covered_lines": 0, "num_statements": 10, "percent_covered": 0.0, "percent_covered_display": "0", "missing_lines": 10, "excluded_lines": 0, "percent_statements_covered": 0.0, "percent_statements_covered_display": "0", "num_branches": 4, "num_partial_branches": 0, "covered_branches": 0, "missing_branches": 4, "percent_branches_covered": 0.0, "percent_branches_covered_display": "0"}, "missing_lines": [367, 370, 371, 373, 374, 375, 378, 379, 382, 384], "excluded_lines": [], "start_line": 359, "executed_branches": [], "missing_branches": [[370, 371], [370, 373], [378, 379], [378, 382]]}, "PyObjCPromptBackend.select_file": {"executed_lines": [], "summary": {"covered_lines": 0, "num_statements": 5, "percent_covered": 0.0, "percent_covered_display": "0", "missing_lines": 5, "excluded_lines": 0, "percent_statements_covered": 0.0, "percent_statements_covered_display": "0", "num_branches": 0, "num_partial_branches": 0, "covered_branches": 0, "missing_branches": 0, "percent_branches_covered": 100.0, "percent_branches_covered_display": "100"}, "missing_lines": [395, 396, 403, 404, 405], "excluded_lines": [], "start_line": 388, "executed_branches": [], "missing_branches": []}, "PyObjCPromptBackend._select_file_sync": {"executed_lines": [], "summary": {"covered_lines": 0, "num_statements": 13, "percent_covered": 0.0, "percent_covered_display": "0", "missing_lines": 13, "excluded_lines": 0, "percent_statements_covered": 0.0, "percent_statements_covered_display": "0", "num_branches": 4, "num_partial_branches": 0, "covered_branches": 0, "missing_branches": 4, "percent_branches_covered": 0.0, "percent_branches_covered_display": "0"}, "missing_lines": [416, 417, 418, 419, 420, 422, 423, 425, 427, 428, 429, 430, 432], "excluded_lines": [], "start_line": 409, "executed_branches": [], "missing_branches": [[422, 423], [422, 425], [427, 428], [427, 432]]}, "PyObjCPromptBackend.select_directory": {"executed_lines": [], "summary": {"covered_lines": 0, "num_statements": 4, "percent_covered": 0.0, "percent_covered_display": "0", "missing_lines": 4, "excluded_lines": 0, "percent_statements_covered": 0.0, "percent_statements_covered_display": "0", "num_branches": 0, "num_partial_branches": 0, "covered_branches": 0, "missing_branches": 0, "percent_branches_covered": 100.0, "percent_branches_covered_display": "100"}, "missing_lines": [439, 440, 445, 446], "excluded_lines": [], "start_line": 434, "executed_branches": [], "missing_branches": []}, "PyObjCPromptBackend._select_directory_sync": {"executed_lines": [], "summary": {"covered_lines": 0, "num_statements": 9, "percent_covered": 0.0, "percent_covered_display": "0", "missing_lines": 9, "excluded_lines": 0, "percent_statements_covered": 0.0, "percent_statements_covered_display": "0", "num_branches": 2, "num_partial_branches": 0, "covered_branches": 0, "missing_branches": 2, "percent_branches_covered": 0.0, "percent_branches_covered_display": "0"}, "missing_lines": [452, 453, 454, 455, 457, 459, 460, 461, 463], "excluded_lines": [], "start_line": 450, "executed_branches": [], "missing_branches": [[459, 460], [459, 463]]}, "": {"executed_lines": [13, 14, 15, 16, 18, 19, 24, 34, 35, 47, 55, 77, 78, 86, 94, 95, 105, 118, 131, 160, 199, 217, 241, 278, 300, 337, 359, 388, 409, 434, 450, 466], "summary": {"covered_lines": 32, "num_statements": 34, "percent_covered": 94.11764705882354, "percent_covered_display": "94", "missing_lines": 2, "excluded_lines": 6, "percent_statements_covered": 94.11764705882354, "percent_statements_covered_display": "94", "num_branches": 0, "num_partial_branches": 0, "covered_branches": 0, "missing_branches": 0, "percent_branches_covered": 100.0, "percent_branches_covered_display": "100"}, "missing_lines": [36, 38], "excluded_lines": [30, 31, 39, 40, 43, 44], "start_line": 1, "executed_branches": [], "missing_branches": []}}, "classes": {"PyObjCPromptBackend": {"executed_lines": [64, 65, 71, 72, 75, 84, 101], "summary": {"covered_lines": 7, "num_statements": 123, "percent_covered": 5.732484076433121, "percent_covered_display": "6", "missing_lines": 116, "excluded_lines": 0, "percent_statements_covered": 5.691056910569106, "percent_statements_covered_display": "6", "num_branches": 34, "num_partial_branches": 0, "covered_branches": 2, "missing_branches": 32, "percent_branches_covered": 5.882352941176471, "percent_branches_covered_display": "6"}, "missing_lines": [92, 110, 111, 116, 123, 124, 125, 127, 141, 142, 144, 145, 155, 156, 170, 171, 172, 174, 175, 178, 179, 182, 187, 190, 193, 194, 195, 197, 208, 209, 211, 215, 226, 227, 236, 237, 250, 251, 252, 255, 256, 258, 260, 261, 264, 267, 268, 271, 273, 274, 276, 286, 287, 295, 296, 308, 309, 310, 313, 314, 316, 317, 319, 322, 323, 326, 328, 329, 330, 331, 333, 345, 346, 354, 355, 367, 370, 371, 373, 374, 375, 378, 379, 382, 384, 395, 396, 403, 404, 405, 416, 417, 418, 419, 420, 422, 423, 425, 427, 428, 429, 430, 432, 439, 440, 445, 446, 452, 453, 454, 455, 457, 459, 460, 461, 463], "excluded_lines": [], "start_line": 47, "executed_branches": [[64, 65], [64, 71]], "missing_branches": [[110, 111], [110, 116], [123, 124], [123, 127], [141, 142], [141, 144], [174, 175], [174, 178], [178, 179], [178, 182], [194, 195], [194, 197], [255, 256], [255, 258], [273, 274], [273, 276], [316, 317], [316, 319], [328, 329], [328, 333], [330, 331], [330, 333], [370, 371], [370, 373], [378, 379], [378, 382], [422, 423], [422, 425], [427, 428], [427, 432], [459, 460], [459, 463]]}, "": {"executed_lines": [13, 14, 15, 16, 18, 19, 24, 34, 35, 47, 55, 77, 78, 86, 94, 95, 105, 118, 131, 160, 199, 217, 241, 278, 300, 337, 359, 388, 409, 434, 450, 466], "summary": {"covered_lines": 32, "num_statements": 34, "percent_covered": 94.11764705882354, "percent_covered_display": "94", "missing_lines": 2, "excluded_lines": 6, "percent_statements_covered": 94.11764705882354, "percent_statements_covered_display": "94", "num_branches": 0, "num_partial_branches": 0, "covered_branches": 0, "missing_branches": 0, "percent_branches_covered": 100.0, "percent_branches_covered_display": "100"}, "missing_lines": [36, 38], "excluded_lines": [30, 31, 39, 40, 43, 44], "start_line": 1, "executed_branches": [], "missing_branches": []}}}, "mcp_common/backends/toolkit.py": {"executed_lines": [15, 17, 18, 21, 31, 32, 33, 34, 36, 46, 59, 68, 69, 71, 77, 78, 80, 81, 87, 89, 95, 97, 98, 104, 108, 116, 126, 136, 138, 139, 140, 142, 144, 150, 152, 155, 157, 158, 159, 160, 161, 163, 164, 168, 177, 178, 181, 184, 185, 187, 189, 191, 193, 195, 204, 205, 206, 207, 209, 211, 217, 219, 222, 224, 226, 228, 236, 238, 239, 240, 241, 242, 245, 246, 247, 249, 250, 251, 255, 256, 257, 258, 263, 264, 272, 280, 282, 289, 292, 294, 302, 309, 310, 311, 312, 314, 315, 316, 318, 324, 325, 328, 331, 332, 334, 337, 338, 339, 341, 350, 355, 356, 357, 363, 364, 366, 368, 369, 370, 372, 382], "summary": {"covered_lines": 121, "num_statements": 137, "percent_covered": 86.33879781420765, "percent_covered_display": "86", "missing_lines": 16, "excluded_lines": 8, "percent_statements_covered": 88.32116788321167, "percent_statements_covered_display": "88", "num_branches": 46, "num_partial_branches": 7, "covered_branches": 37, "missing_branches": 9, "percent_branches_covered": 80.43478260869566, "percent_branches_covered_display": "80"}, "missing_lines": [114, 122, 151, 220, 252, 259, 260, 262, 266, 268, 296, 298, 343, 344, 374, 375], "excluded_lines": [27, 28, 37, 38, 41, 42, 43, 210], "executed_branches": [[68, 69], [68, 77], [139, 140], [139, 142], [142, 144], [142, 155], [150, 152], [184, 185], [184, 187], [206, 207], [206, 209], [209, 211], [209, 217], [219, 222], [238, 239], [238, 245], [240, 241], [240, 242], [249, 250], [249, 255], [250, 251], [255, 256], [257, 258], [311, 312], [311, 314], [315, 316], [315, 318], [324, 325], [324, 328], [331, 332], [331, 334], [337, 338], [337, 341], [338, 339], [363, 364], [363, 366], [369, 370]], "missing_branches": [[150, 151], [219, 220], [250, 252], [255, 259], [257, 262], [259, 260], [259, 262], [338, 337], [369, 372]], "functions": {"PromptToolkitBackend.__init__": {"executed_lines": [68, 69, 71, 77, 78], "summary": {"covered_lines": 5, "num_statements": 5, "percent_covered": 100.0, "percent_covered_display": "100", "missing_lines": 0, "excluded_lines": 0, "percent_statements_covered": 100.0, "percent_statements_covered_display": "100", "num_branches": 2, "num_partial_branches": 0, "covered_branches": 2, "missing_branches": 0, "percent_branches_covered": 100.0, "percent_branches_covered_display": "100"}, "missing_lines": [], "excluded_lines": [], "start_line": 59, "executed_branches": [[68, 69], [68, 77]], "missing_branches": []}, "PromptToolkitBackend.is_available_static": {"executed_lines": [87], "summary": {"covered_lines": 1, "num_statements": 1, "percent_covered": 100.0, "percent_covered_display": "100", "missing_lines": 0, "excluded_lines": 0, "percent_statements_covered": 100.0, "percent_statements_covered_display": "100", "num_branches": 0, "num_partial_branches": 0, "covered_branches": 0, "missing_branches": 0, "percent_branches_covered": 100.0, "percent_branches_covered_display": "100"}, "missing_lines": [], "excluded_lines": [], "start_line": 81, "executed_branches": [], "missing_branches": []}, "PromptToolkitBackend.is_available": {"executed_lines": [95], "summary": {"covered_lines": 1, "num_statements": 1, "percent_covered": 100.0, "percent_covered_display": "100", "missing_lines": 0, "excluded_lines": 0, "percent_statements_covered": 100.0, "percent_statements_covered_display": "100", "num_branches": 0, "num_partial_branches": 0, "covered_branches": 0, "missing_branches": 0, "percent_branches_covered": 100.0, "percent_branches_covered_display": "100"}, "missing_lines": [], "excluded_lines": [], "start_line": 89, "executed_branches": [], "missing_branches": []}, "PromptToolkitBackend.backend_name": {"executed_lines": [104], "summary": {"covered_lines": 1, "num_statements": 1, "percent_covered": 100.0, "percent_covered_display": "100", "missing_lines": 0, "excluded_lines": 0, "percent_statements_covered": 100.0, "percent_statements_covered_display": "100", "num_branches": 0, "num_partial_branches": 0, "covered_branches": 0, "missing_branches": 0, "percent_branches_covered": 100.0, "percent_branches_covered_display": "100"}, "missing_lines": [], "excluded_lines": [], "start_line": 98, "executed_branches": [], "missing_branches": []}, "PromptToolkitBackend.initialize": {"executed_lines": [], "summary": {"covered_lines": 0, "num_statements": 1, "percent_covered": 0.0, "percent_covered_display": "0", "missing_lines": 1, "excluded_lines": 0, "percent_statements_covered": 0.0, "percent_statements_covered_display": "0", "num_branches": 0, "num_partial_branches": 0, "covered_branches": 0, "missing_branches": 0, "percent_branches_covered": 100.0, "percent_branches_covered_display": "100"}, "missing_lines": [114], "excluded_lines": [], "start_line": 108, "executed_branches": [], "missing_branches": []}, "PromptToolkitBackend.shutdown": {"executed_lines": [], "summary": {"covered_lines": 0, "num_statements": 1, "percent_covered": 0.0, "percent_covered_display": "0", "missing_lines": 1, "excluded_lines": 0, "percent_statements_covered": 0.0, "percent_statements_covered_display": "0", "num_branches": 0, "num_partial_branches": 0, "covered_branches": 0, "missing_branches": 0, "percent_branches_covered": 100.0, "percent_branches_covered_display": "100"}, "missing_lines": [122], "excluded_lines": [], "start_line": 116, "executed_branches": [], "missing_branches": []}, "PromptToolkitBackend.alert": {"executed_lines": [136, 138, 139, 140, 142, 144, 150, 152, 155, 157, 158, 159, 160, 161, 163, 164], "summary": {"covered_lines": 16, "num_statements": 17, "percent_covered": 91.30434782608695, "percent_covered_display": "91", "missing_lines": 1, "excluded_lines": 0, "percent_statements_covered": 94.11764705882354, "percent_statements_covered_display": "94", "num_branches": 6, "num_partial_branches": 1, "covered_branches": 5, "missing_branches": 1, "percent_branches_covered": 83.33333333333333, "percent_branches_covered_display": "83"}, "missing_lines": [151], "excluded_lines": [], "start_line": 126, "executed_branches": [[139, 140], [139, 142], [142, 144], [142, 155], [150, 152]], "missing_branches": [[150, 151]]}, "PromptToolkitBackend.confirm": {"executed_lines": [177, 178, 181, 184, 185, 187, 189, 191, 193], "summary": {"covered_lines": 9, "num_statements": 9, "percent_covered": 100.0, "percent_covered_display": "100", "missing_lines": 0, "excluded_lines": 0, "percent_statements_covered": 100.0, "percent_statements_covered_display": "100", "num_branches": 2, "num_partial_branches": 0, "covered_branches": 2, "missing_branches": 0, "percent_branches_covered": 100.0, "percent_branches_covered_display": "100"}, "missing_lines": [], "excluded_lines": [], "start_line": 168, "executed_branches": [[184, 185], [184, 187]], "missing_branches": []}, "PromptToolkitBackend.prompt_text": {"executed_lines": [204, 205, 206, 207, 209, 211, 217, 219, 222, 224, 226], "summary": {"covered_lines": 11, "num_statements": 12, "percent_covered": 88.88888888888889, "percent_covered_display": "89", "missing_lines": 1, "excluded_lines": 1, "percent_statements_covered": 91.66666666666667, "percent_statements_covered_display": "92", "num_branches": 6, "num_partial_branches": 1, "covered_branches": 5, "missing_branches": 1, "percent_branches_covered": 83.33333333333333, "percent_branches_covered_display": "83"}, "missing_lines": [220], "excluded_lines": [210], "start_line": 195, "executed_branches": [[206, 207], [206, 209], [209, 211], [209, 217], [219, 222]], "missing_branches": [[219, 220]]}, "PromptToolkitBackend.prompt_choice": {"executed_lines": [236, 238, 239, 240, 241, 242, 245, 246, 247, 249, 250, 251, 255, 256, 257, 258, 263, 264], "summary": {"covered_lines": 18, "num_statements": 24, "percent_covered": 71.05263157894737, "percent_covered_display": "71", "missing_lines": 6, "excluded_lines": 0, "percent_statements_covered": 75.0, "percent_statements_covered_display": "75", "num_branches": 14, "num_partial_branches": 3, "covered_branches": 9, "missing_branches": 5, "percent_branches_covered": 64.28571428571429, "percent_branches_covered_display": "64"}, "missing_lines": [252, 259, 260, 262, 266, 268], "excluded_lines": [], "start_line": 228, "executed_branches": [[238, 239], [238, 245], [240, 241], [240, 242], [249, 250], [249, 255], [250, 251], [255, 256], [257, 258]], "missing_branches": [[250, 252], [255, 259], [257, 262], [259, 260], [259, 262]]}, "PromptToolkitBackend.notify": {"executed_lines": [280, 282, 289, 292, 294], "summary": {"covered_lines": 5, "num_statements": 7, "percent_covered": 71.42857142857143, "percent_covered_display": "71", "missing_lines": 2, "excluded_lines": 0, "percent_statements_covered": 71.42857142857143, "percent_statements_covered_display": "71", "num_branches": 0, "num_partial_branches": 0, "covered_branches": 0, "missing_branches": 0, "percent_branches_covered": 100.0, "percent_branches_covered_display": "100"}, "missing_lines": [296, 298], "excluded_lines": [], "start_line": 272, "executed_branches": [], "missing_branches": []}, "PromptToolkitBackend.select_file": {"executed_lines": [309, 310, 311, 312, 314, 315, 316, 318, 324, 325, 328, 331, 332, 334, 337, 338, 339, 341], "summary": {"covered_lines": 18, "num_statements": 20, "percent_covered": 90.625, "percent_covered_display": "91", "missing_lines": 2, "excluded_lines": 0, "percent_statements_covered": 90.0, "percent_statements_covered_display": "90", "num_branches": 12, "num_partial_branches": 1, "covered_branches": 11, "missing_branches": 1, "percent_branches_covered": 91.66666666666667, "percent_branches_covered_display": "92"}, "missing_lines": [343, 344], "excluded_lines": [], "start_line": 302, "executed_branches": [[311, 312], [311, 314], [315, 316], [315, 318], [324, 325], [324, 328], [331, 332], [331, 334], [337, 338], [337, 341], [338, 339]], "missing_branches": [[338, 337]]}, "PromptToolkitBackend.select_directory": {"executed_lines": [355, 356, 357, 363, 364, 366, 368, 369, 370, 372], "summary": {"covered_lines": 10, "num_statements": 12, "percent_covered": 81.25, "percent_covered_display": "81", "missing_lines": 2, "excluded_lines": 0, "percent_statements_covered": 83.33333333333333, "percent_statements_covered_display": "83", "num_branches": 4, "num_partial_branches": 1, "covered_branches": 3, "missing_branches": 1, "percent_branches_covered": 75.0, "percent_branches_covered_display": "75"}, "missing_lines": [374, 375], "excluded_lines": [], "start_line": 350, "executed_branches": [[363, 364], [363, 366], [369, 370]], "missing_branches": [[369, 372]]}, "": {"executed_lines": [15, 17, 18, 21, 31, 32, 33, 34, 36, 46, 59, 80, 81, 89, 97, 98, 108, 116, 126, 168, 195, 228, 272, 302, 350, 382], "summary": {"covered_lines": 26, "num_statements": 26, "percent_covered": 100.0, "percent_covered_display": "100", "missing_lines": 0, "excluded_lines": 7, "percent_statements_covered": 100.0, "percent_statements_covered_display": "100", "num_branches": 0, "num_partial_branches": 0, "covered_branches": 0, "missing_branches": 0, "percent_branches_covered": 100.0, "percent_branches_covered_display": "100"}, "missing_lines": [], "excluded_lines": [27, 28, 37, 38, 41, 42, 43], "start_line": 1, "executed_branches": [], "missing_branches": []}}, "classes": {"PromptToolkitBackend": {"executed_lines": [68, 69, 71, 77, 78, 87, 95, 104, 136, 138, 139, 140, 142, 144, 150, 152, 155, 157, 158, 159, 160, 161, 163, 164, 177, 178, 181, 184, 185, 187, 189, 191, 193, 204, 205, 206, 207, 209, 211, 217, 219, 222, 224, 226, 236, 238, 239, 240, 241, 242, 245, 246, 247, 249, 250, 251, 255, 256, 257, 258, 263, 264, 280, 282, 289, 292, 294, 309, 310, 311, 312, 314, 315, 316, 318, 324, 325, 328, 331, 332, 334, 337, 338, 339, 341, 355, 356, 357, 363, 364, 366, 368, 369, 370, 372], "summary": {"covered_lines": 95, "num_statements": 111, "percent_covered": 84.07643312101911, "percent_covered_display": "84", "missing_lines": 16, "excluded_lines": 1, "percent_statements_covered": 85.58558558558559, "percent_statements_covered_display": "86", "num_branches": 46, "num_partial_branches": 7, "covered_branches": 37, "missing_branches": 9, "percent_branches_covered": 80.43478260869566, "percent_branches_covered_display": "80"}, "missing_lines": [114, 122, 151, 220, 252, 259, 260, 262, 266, 268, 296, 298, 343, 344, 374, 375], "excluded_lines": [210], "start_line": 46, "executed_branches": [[68, 69], [68, 77], [139, 140], [139, 142], [142, 144], [142, 155], [150, 152], [184, 185], [184, 187], [206, 207], [206, 209], [209, 211], [209, 217], [219, 222], [238, 239], [238, 245], [240, 241], [240, 242], [249, 250], [249, 255], [250, 251], [255, 256], [257, 258], [311, 312], [311, 314], [315, 316], [315, 318], [324, 325], [324, 328], [331, 332], [331, 334], [337, 338], [337, 341], [338, 339], [363, 364], [363, 366], [369, 370]], "missing_branches": [[150, 151], [219, 220], [250, 252], [255, 259], [257, 262], [259, 260], [259, 262], [338, 337], [369, 372]]}, "": {"executed_lines": [15, 17, 18, 21, 31, 32, 33, 34, 36, 46, 59, 80, 81, 89, 97, 98, 108, 116, 126, 168, 195, 228, 272, 302, 350, 382], "summary": {"covered_lines": 26, "num_statements": 26, "percent_covered": 100.0, "percent_covered_display": "100", "missing_lines": 0, "excluded_lines": 7, "percent_statements_covered": 100.0, "percent_statements_covered_display": "100", "num_branches": 0, "num_partial_branches": 0, "covered_branches": 0, "missing_branches": 0, "percent_branches_covered": 100.0, "percent_branches_covered_display": "100"}, "missing_lines": [], "excluded_lines": [27, 28, 37, 38, 41, 42, 43], "start_line": 1, "executed_branches": [], "missing_branches": []}}}, "mcp_common/cli/factory.py": {"executed_lines": [7, 8, 9, 10, 11, 12, 13, 14, 16, 17, 19, 26, 32, 33, 36, 39, 40, 41, 42, 43, 44, 45, 46, 47, 50, 86, 87, 176, 177, 179, 184, 187, 190, 191, 197, 198, 201, 202, 204, 211, 215, 217, 219, 224, 226, 228, 234, 236, 239, 244, 250, 259, 279, 280, 281, 282, 283, 284, 285, 287, 300, 301, 303, 308, 310, 311, 314, 315, 316, 317, 318, 321, 322, 323, 324, 325, 327, 328, 330, 342, 343, 345, 346, 347, 349, 350, 351, 352, 354, 356, 357, 358, 359, 365, 367, 377, 378, 379, 380, 381, 383, 386, 387, 388, 389, 390, 400, 401, 404, 406, 407, 408, 411, 421, 423, 428, 430, 433, 434, 437, 441, 442, 444, 447, 450, 451, 452, 455, 457, 458, 460, 461, 463, 465, 466, 467, 471, 472, 473, 474, 476, 478, 491, 492, 494, 496, 498, 499, 500, 506, 507, 509, 510, 511, 512, 513, 523, 524, 527, 528, 529, 530, 540, 541, 543, 545, 550, 551, 554, 555, 556, 557, 558, 564, 565, 566, 569, 570, 573, 575, 577, 578, 579, 580, 581, 585, 586, 587, 588, 590, 592, 593, 595, 596, 605, 606, 608, 610, 611, 612, 613, 614, 616, 617, 618, 619, 620, 626, 627, 629, 641, 643, 644, 647, 649, 651, 652, 653, 654, 655, 657, 658, 659, 661, 662, 672, 673, 675, 677, 678, 682, 683, 685, 687, 688, 698, 699, 701, 703, 704, 714, 715, 717, 719, 721, 722, 724, 725, 726, 727, 732, 734, 735, 737, 744, 745, 747, 748, 758, 760, 761, 762, 764, 766, 768, 769, 770, 771, 773, 775, 779, 780, 781, 783, 784, 785, 786, 787, 788, 789, 790, 791, 792, 793, 795, 797, 798, 800, 807, 808, 809, 810, 812, 814, 822, 823, 825], "summary": {"covered_lines": 297, "num_statements": 301, "percent_covered": 98.25436408977556, "percent_covered_display": "98", "missing_lines": 4, "excluded_lines": 2, "percent_statements_covered": 98.67109634551495, "percent_statements_covered_display": "99", "num_branches": 100, "num_partial_branches": 3, "covered_branches": 97, "missing_branches": 3, "percent_branches_covered": 97.0, "percent_branches_covered_display": "97"}, "missing_lines": [193, 200, 729, 730], "excluded_lines": [51, 96], "executed_branches": [[190, 191], [197, 198], [215, 217], [226, 228], [226, 234], [234, 236], [234, 244], [300, 301], [300, 303], [308, 310], [308, 321], [342, 343], [342, 345], [349, 350], [349, 352], [354, 356], [354, 365], [356, 357], [356, 359], [389, 390], [389, 400], [406, -383], [406, 407], [407, 408], [407, 421], [457, -447], [457, 458], [465, 466], [465, 473], [466, 467], [466, 471], [473, 474], [473, 476], [498, 499], [498, 509], [499, 500], [499, 506], [512, 513], [512, 523], [528, 529], [528, 543], [529, 530], [529, 540], [550, 551], [550, 554], [557, 558], [557, 564], [569, 570], [569, 573], [578, 579], [578, 588], [579, 580], [579, 587], [580, 581], [580, 585], [592, 593], [592, 595], [595, 596], [595, 605], [613, 614], [613, 616], [619, 620], [619, 626], [643, 644], [643, 647], [652, 653], [652, 657], [653, 654], [653, 655], [657, 658], [657, 661], [661, 662], [661, 672], [677, 678], [677, 682], [687, 688], [687, 698], [703, 704], [703, 714], [721, 722], [721, 724], [734, -732], [734, 735], [747, 748], [747, 760], [761, 762], [761, 764], [768, 769], [768, 773], [779, 780], [779, 783], [787, 788], [787, 789], [792, 793], [792, 795], [797, -775], [797, 798]], "missing_branches": [[190, 193], [197, 200], [215, -211]], "functions": {"MCPServerCLIFactory.create_server_cli": {"executed_lines": [176, 177, 179, 211, 219, 250], "summary": {"covered_lines": 6, "num_statements": 6, "percent_covered": 100.0, "percent_covered_display": "100", "missing_lines": 0, "excluded_lines": 1, "percent_statements_covered": 100.0, "percent_statements_covered_display": "100", "num_branches": 0, "num_partial_branches": 0, "covered_branches": 0, "missing_branches": 0, "percent_branches_covered": 100.0, "percent_branches_covered_display": "100"}, "missing_lines": [], "excluded_lines": [96], "start_line": 87, "executed_branches": [], "missing_branches": []}, "MCPServerCLIFactory.create_server_cli.start_handler": {"executed_lines": [184, 187, 190, 191, 197, 198, 201, 202, 204], "summary": {"covered_lines": 9, "num_statements": 11, "percent_covered": 73.33333333333333, "percent_covered_display": "73", "missing_lines": 2, "excluded_lines": 0, "percent_statements_covered": 81.81818181818181, "percent_statements_covered_display": "82", "num_branches": 4, "num_partial_branches": 2, "covered_branches": 2, "missing_branches": 2, "percent_branches_covered": 50.0, "percent_branches_covered_display": "50"}, "missing_lines": [193, 200], "excluded_lines": [], "start_line": 179, "executed_branches": [[190, 191], [197, 198]], "missing_branches": [[190, 193], [197, 200]]}, "MCPServerCLIFactory.create_server_cli.stop_handler": {"executed_lines": [215, 217], "summary": {"covered_lines": 2, "num_statements": 2, "percent_covered": 75.0, "percent_covered_display": "75", "missing_lines": 0, "excluded_lines": 0, "percent_statements_covered": 100.0, "percent_statements_covered_display": "100", "num_branches": 2, "num_partial_branches": 1, "covered_branches": 1, "missing_branches": 1, "percent_branches_covered": 50.0, "percent_branches_covered_display": "50"}, "missing_lines": [], "excluded_lines": [], "start_line": 211, "executed_branches": [[215, 217]], "missing_branches": [[215, -211]]}, "MCPServerCLIFactory.create_server_cli.health_probe_handler": {"executed_lines": [224, 226, 228, 234, 236, 239, 244], "summary": {"covered_lines": 7, "num_statements": 7, "percent_covered": 100.0, "percent_covered_display": "100", "missing_lines": 0, "excluded_lines": 0, "percent_statements_covered": 100.0, "percent_statements_covered_display": "100", "num_branches": 4, "num_partial_branches": 0, "covered_branches": 4, "missing_branches": 0, "percent_branches_covered": 100.0, "percent_branches_covered_display": "100"}, "missing_lines": [], "excluded_lines": [], "start_line": 219, "executed_branches": [[226, 228], [226, 234], [234, 236], [234, 244]], "missing_branches": []}, "MCPServerCLIFactory.__init__": {"executed_lines": [279, 280, 281, 282, 283, 284, 285], "summary": {"covered_lines": 7, "num_statements": 7, "percent_covered": 100.0, "percent_covered_display": "100", "missing_lines": 0, "excluded_lines": 0, "percent_statements_covered": 100.0, "percent_statements_covered_display": "100", "num_branches": 0, "num_partial_branches": 0, "covered_branches": 0, "missing_branches": 0, "percent_branches_covered": 100.0, "percent_branches_covered_display": "100"}, "missing_lines": [], "excluded_lines": [], "start_line": 259, "executed_branches": [], "missing_branches": []}, "MCPServerCLIFactory.create_app": {"executed_lines": [300, 301, 303, 308, 310, 311, 314, 315, 316, 317, 318, 321, 322, 323, 324, 325, 327, 328], "summary": {"covered_lines": 18, "num_statements": 18, "percent_covered": 100.0, "percent_covered_display": "100", "missing_lines": 0, "excluded_lines": 0, "percent_statements_covered": 100.0, "percent_statements_covered_display": "100", "num_branches": 4, "num_partial_branches": 0, "covered_branches": 4, "missing_branches": 0, "percent_branches_covered": 100.0, "percent_branches_covered_display": "100"}, "missing_lines": [], "excluded_lines": [], "start_line": 287, "executed_branches": [[300, 301], [300, 303], [308, 310], [308, 321]], "missing_branches": []}, "MCPServerCLIFactory._handle_stale_pid": {"executed_lines": [342, 343, 345, 346, 347, 349, 350, 351, 352, 354, 356, 357, 358, 359, 365], "summary": {"covered_lines": 15, "num_statements": 15, "percent_covered": 100.0, "percent_covered_display": "100", "missing_lines": 0, "excluded_lines": 0, "percent_statements_covered": 100.0, "percent_statements_covered_display": "100", "num_branches": 8, "num_partial_branches": 0, "covered_branches": 8, "missing_branches": 0, "percent_branches_covered": 100.0, "percent_branches_covered_display": "100"}, "missing_lines": [], "excluded_lines": [], "start_line": 330, "executed_branches": [[342, 343], [342, 345], [349, 350], [349, 352], [354, 356], [354, 365], [356, 357], [356, 359]], "missing_branches": []}, "MCPServerCLIFactory._cmd_start": {"executed_lines": [377, 378, 379, 380, 381], "summary": {"covered_lines": 5, "num_statements": 5, "percent_covered": 100.0, "percent_covered_display": "100", "missing_lines": 0, "excluded_lines": 0, "percent_statements_covered": 100.0, "percent_statements_covered_display": "100", "num_branches": 0, "num_partial_branches": 0, "covered_branches": 0, "missing_branches": 0, "percent_branches_covered": 100.0, "percent_branches_covered_display": "100"}, "missing_lines": [], "excluded_lines": [], "start_line": 367, "executed_branches": [], "missing_branches": []}, "MCPServerCLIFactory._validate_cache_and_check_process": {"executed_lines": [386, 387, 388, 389, 390, 400, 401, 404, 406, 407, 408, 411, 421, 423, 428], "summary": {"covered_lines": 15, "num_statements": 15, "percent_covered": 100.0, "percent_covered_display": "100", "missing_lines": 0, "excluded_lines": 0, "percent_statements_covered": 100.0, "percent_statements_covered_display": "100", "num_branches": 6, "num_partial_branches": 0, "covered_branches": 6, "missing_branches": 0, "percent_branches_covered": 100.0, "percent_branches_covered_display": "100"}, "missing_lines": [], "excluded_lines": [], "start_line": 383, "executed_branches": [[389, 390], [389, 400], [406, -383], [406, 407], [407, 408], [407, 421]], "missing_branches": []}, "MCPServerCLIFactory._write_pid_and_health_snapshot": {"executed_lines": [433, 434, 437, 441, 442], "summary": {"covered_lines": 5, "num_statements": 5, "percent_covered": 100.0, "percent_covered_display": "100", "missing_lines": 0, "excluded_lines": 0, "percent_statements_covered": 100.0, "percent_statements_covered_display": "100", "num_branches": 0, "num_partial_branches": 0, "covered_branches": 0, "missing_branches": 0, "percent_branches_covered": 100.0, "percent_branches_covered_display": "100"}, "missing_lines": [], "excluded_lines": [], "start_line": 430, "executed_branches": [], "missing_branches": []}, "MCPServerCLIFactory._register_signal_handlers": {"executed_lines": [447, 460, 461], "summary": {"covered_lines": 3, "num_statements": 3, "percent_covered": 100.0, "percent_covered_display": "100", "missing_lines": 0, "excluded_lines": 0, "percent_statements_covered": 100.0, "percent_statements_covered_display": "100", "num_branches": 0, "num_partial_branches": 0, "covered_branches": 0, "missing_branches": 0, "percent_branches_covered": 100.0, "percent_branches_covered_display": "100"}, "missing_lines": [], "excluded_lines": [], "start_line": 444, "executed_branches": [], "missing_branches": []}, "MCPServerCLIFactory._register_signal_handlers.shutdown": {"executed_lines": [450, 451, 452, 455, 457, 458], "summary": {"covered_lines": 6, "num_statements": 6, "percent_covered": 100.0, "percent_covered_display": "100", "missing_lines": 0, "excluded_lines": 0, "percent_statements_covered": 100.0, "percent_statements_covered_display": "100", "num_branches": 2, "num_partial_branches": 0, "covered_branches": 2, "missing_branches": 0, "percent_branches_covered": 100.0, "percent_branches_covered_display": "100"}, "missing_lines": [], "excluded_lines": [], "start_line": 447, "executed_branches": [[457, -447], [457, 458]], "missing_branches": []}, "MCPServerCLIFactory._execute_start_handler": {"executed_lines": [465, 466, 467, 471, 472, 473, 474, 476], "summary": {"covered_lines": 8, "num_statements": 8, "percent_covered": 100.0, "percent_covered_display": "100", "missing_lines": 0, "excluded_lines": 0, "percent_statements_covered": 100.0, "percent_statements_covered_display": "100", "num_branches": 6, "num_partial_branches": 0, "covered_branches": 6, "missing_branches": 0, "percent_branches_covered": 100.0, "percent_branches_covered_display": "100"}, "missing_lines": [], "excluded_lines": [], "start_line": 463, "executed_branches": [[465, 466], [465, 473], [466, 467], [466, 471], [473, 474], [473, 476]], "missing_branches": []}, "MCPServerCLIFactory._cmd_stop": {"executed_lines": [491, 492], "summary": {"covered_lines": 2, "num_statements": 2, "percent_covered": 100.0, "percent_covered_display": "100", "missing_lines": 0, "excluded_lines": 0, "percent_statements_covered": 100.0, "percent_statements_covered_display": "100", "num_branches": 0, "num_partial_branches": 0, "covered_branches": 0, "missing_branches": 0, "percent_branches_covered": 100.0, "percent_branches_covered_display": "100"}, "missing_lines": [], "excluded_lines": [], "start_line": 478, "executed_branches": [], "missing_branches": []}, "MCPServerCLIFactory._get_server_pid": {"executed_lines": [496, 498, 499, 500, 506, 507, 509, 510, 511, 512, 513, 523, 524, 527, 528, 529, 530, 540, 541, 543], "summary": {"covered_lines": 20, "num_statements": 20, "percent_covered": 100.0, "percent_covered_display": "100", "missing_lines": 0, "excluded_lines": 0, "percent_statements_covered": 100.0, "percent_statements_covered_display": "100", "num_branches": 10, "num_partial_branches": 0, "covered_branches": 10, "missing_branches": 0, "percent_branches_covered": 100.0, "percent_branches_covered_display": "100"}, "missing_lines": [], "excluded_lines": [], "start_line": 494, "executed_branches": [[498, 499], [498, 509], [499, 500], [499, 506], [512, 513], [512, 523], [528, 529], [528, 543], [529, 530], [529, 540]], "missing_branches": []}, "MCPServerCLIFactory._validate_and_stop_server": {"executed_lines": [550, 551, 554, 555, 556, 557, 558, 564, 565, 566, 569, 570, 573], "summary": {"covered_lines": 13, "num_statements": 13, "percent_covered": 100.0, "percent_covered_display": "100", "missing_lines": 0, "excluded_lines": 0, "percent_statements_covered": 100.0, "percent_statements_covered_display": "100", "num_branches": 6, "num_partial_branches": 0, "covered_branches": 6, "missing_branches": 0, "percent_branches_covered": 100.0, "percent_branches_covered_display": "100"}, "missing_lines": [], "excluded_lines": [], "start_line": 545, "executed_branches": [[550, 551], [550, 554], [557, 558], [557, 564], [569, 570], [569, 573]], "missing_branches": []}, "MCPServerCLIFactory._wait_for_shutdown": {"executed_lines": [577, 578, 579, 580, 581, 585, 586, 587, 588], "summary": {"covered_lines": 9, "num_statements": 9, "percent_covered": 100.0, "percent_covered_display": "100", "missing_lines": 0, "excluded_lines": 0, "percent_statements_covered": 100.0, "percent_statements_covered_display": "100", "num_branches": 6, "num_partial_branches": 0, "covered_branches": 6, "missing_branches": 0, "percent_branches_covered": 100.0, "percent_branches_covered_display": "100"}, "missing_lines": [], "excluded_lines": [], "start_line": 575, "executed_branches": [[578, 579], [578, 588], [579, 580], [579, 587], [580, 581], [580, 585]], "missing_branches": []}, "MCPServerCLIFactory._handle_timeout": {"executed_lines": [592, 593, 595, 596, 605, 606], "summary": {"covered_lines": 6, "num_statements": 6, "percent_covered": 100.0, "percent_covered_display": "100", "missing_lines": 0, "excluded_lines": 0, "percent_statements_covered": 100.0, "percent_statements_covered_display": "100", "num_branches": 4, "num_partial_branches": 0, "covered_branches": 4, "missing_branches": 0, "percent_branches_covered": 100.0, "percent_branches_covered_display": "100"}, "missing_lines": [], "excluded_lines": [], "start_line": 590, "executed_branches": [[592, 593], [592, 595], [595, 596], [595, 605]], "missing_branches": []}, "MCPServerCLIFactory._force_kill_server": {"executed_lines": [610, 611, 612, 613, 614, 616, 617, 618, 619, 620, 626, 627], "summary": {"covered_lines": 12, "num_statements": 12, "percent_covered": 100.0, "percent_covered_display": "100", "missing_lines": 0, "excluded_lines": 0, "percent_statements_covered": 100.0, "percent_statements_covered_display": "100", "num_branches": 4, "num_partial_branches": 0, "covered_branches": 4, "missing_branches": 0, "percent_branches_covered": 100.0, "percent_branches_covered_display": "100"}, "missing_lines": [], "excluded_lines": [], "start_line": 608, "executed_branches": [[613, 614], [613, 616], [619, 620], [619, 626]], "missing_branches": []}, "MCPServerCLIFactory._cmd_restart": {"executed_lines": [641, 643, 644, 647], "summary": {"covered_lines": 4, "num_statements": 4, "percent_covered": 100.0, "percent_covered_display": "100", "missing_lines": 0, "excluded_lines": 0, "percent_statements_covered": 100.0, "percent_statements_covered_display": "100", "num_branches": 2, "num_partial_branches": 0, "covered_branches": 2, "missing_branches": 0, "percent_branches_covered": 100.0, "percent_branches_covered_display": "100"}, "missing_lines": [], "excluded_lines": [], "start_line": 629, "executed_branches": [[643, 644], [643, 647]], "missing_branches": []}, "MCPServerCLIFactory._wait_for_pid_removal": {"executed_lines": [651, 652, 653, 654, 655, 657, 658, 659, 661, 662, 672, 673], "summary": {"covered_lines": 12, "num_statements": 12, "percent_covered": 100.0, "percent_covered_display": "100", "missing_lines": 0, "excluded_lines": 0, "percent_statements_covered": 100.0, "percent_statements_covered_display": "100", "num_branches": 8, "num_partial_branches": 0, "covered_branches": 8, "missing_branches": 0, "percent_branches_covered": 100.0, "percent_branches_covered_display": "100"}, "missing_lines": [], "excluded_lines": [], "start_line": 649, "executed_branches": [[652, 653], [652, 657], [653, 654], [653, 655], [657, 658], [657, 661], [661, 662], [661, 672]], "missing_branches": []}, "MCPServerCLIFactory._emit_not_running": {"executed_lines": [677, 678, 682, 683], "summary": {"covered_lines": 4, "num_statements": 4, "percent_covered": 100.0, "percent_covered_display": "100", "missing_lines": 0, "excluded_lines": 0, "percent_statements_covered": 100.0, "percent_statements_covered_display": "100", "num_branches": 2, "num_partial_branches": 0, "covered_branches": 2, "missing_branches": 0, "percent_branches_covered": 100.0, "percent_branches_covered_display": "100"}, "missing_lines": [], "excluded_lines": [], "start_line": 675, "executed_branches": [[677, 678], [677, 682]], "missing_branches": []}, "MCPServerCLIFactory._emit_corrupted_pid": {"executed_lines": [687, 688, 698, 699], "summary": {"covered_lines": 4, "num_statements": 4, "percent_covered": 100.0, "percent_covered_display": "100", "missing_lines": 0, "excluded_lines": 0, "percent_statements_covered": 100.0, "percent_statements_covered_display": "100", "num_branches": 2, "num_partial_branches": 0, "covered_branches": 2, "missing_branches": 0, "percent_branches_covered": 100.0, "percent_branches_covered_display": "100"}, "missing_lines": [], "excluded_lines": [], "start_line": 685, "executed_branches": [[687, 688], [687, 698]], "missing_branches": []}, "MCPServerCLIFactory._emit_stale_pid": {"executed_lines": [703, 704, 714, 715], "summary": {"covered_lines": 4, "num_statements": 4, "percent_covered": 100.0, "percent_covered_display": "100", "missing_lines": 0, "excluded_lines": 0, "percent_statements_covered": 100.0, "percent_statements_covered_display": "100", "num_branches": 2, "num_partial_branches": 0, "covered_branches": 2, "missing_branches": 0, "percent_branches_covered": 100.0, "percent_branches_covered_display": "100"}, "missing_lines": [], "excluded_lines": [], "start_line": 701, "executed_branches": [[703, 704], [703, 714]], "missing_branches": []}, "MCPServerCLIFactory._read_pid_or_exit": {"executed_lines": [719, 721, 722, 724, 725, 726, 727], "summary": {"covered_lines": 7, "num_statements": 9, "percent_covered": 81.81818181818181, "percent_covered_display": "82", "missing_lines": 2, "excluded_lines": 0, "percent_statements_covered": 77.77777777777777, "percent_statements_covered_display": "78", "num_branches": 2, "num_partial_branches": 0, "covered_branches": 2, "missing_branches": 0, "percent_branches_covered": 100.0, "percent_branches_covered_display": "100"}, "missing_lines": [729, 730], "excluded_lines": [], "start_line": 717, "executed_branches": [[721, 722], [721, 724]], "missing_branches": []}, "MCPServerCLIFactory._ensure_process_alive_or_exit": {"executed_lines": [734, 735], "summary": {"covered_lines": 2, "num_statements": 2, "percent_covered": 100.0, "percent_covered_display": "100", "missing_lines": 0, "excluded_lines": 0, "percent_statements_covered": 100.0, "percent_statements_covered_display": "100", "num_branches": 2, "num_partial_branches": 0, "covered_branches": 2, "missing_branches": 0, "percent_branches_covered": 100.0, "percent_branches_covered_display": "100"}, "missing_lines": [], "excluded_lines": [], "start_line": 732, "executed_branches": [[734, -732], [734, 735]], "missing_branches": []}, "MCPServerCLIFactory._emit_status_output": {"executed_lines": [744, 745, 747, 748, 758, 760, 761, 762, 764], "summary": {"covered_lines": 9, "num_statements": 9, "percent_covered": 100.0, "percent_covered_display": "100", "missing_lines": 0, "excluded_lines": 0, "percent_statements_covered": 100.0, "percent_statements_covered_display": "100", "num_branches": 4, "num_partial_branches": 0, "covered_branches": 4, "missing_branches": 0, "percent_branches_covered": 100.0, "percent_branches_covered_display": "100"}, "missing_lines": [], "excluded_lines": [], "start_line": 737, "executed_branches": [[747, 748], [747, 760], [761, 762], [761, 764]], "missing_branches": []}, "MCPServerCLIFactory._get_health_snapshot": {"executed_lines": [768, 769, 770, 771, 773], "summary": {"covered_lines": 5, "num_statements": 5, "percent_covered": 100.0, "percent_covered_display": "100", "missing_lines": 0, "excluded_lines": 0, "percent_statements_covered": 100.0, "percent_statements_covered_display": "100", "num_branches": 2, "num_partial_branches": 0, "covered_branches": 2, "missing_branches": 0, "percent_branches_covered": 100.0, "percent_branches_covered_display": "100"}, "missing_lines": [], "excluded_lines": [], "start_line": 766, "executed_branches": [[768, 769], [768, 773]], "missing_branches": []}, "MCPServerCLIFactory._emit_health_snapshot": {"executed_lines": [779, 780, 781, 783, 784, 785, 786, 787, 788, 789, 790, 791, 792, 793, 795, 797, 798], "summary": {"covered_lines": 17, "num_statements": 17, "percent_covered": 100.0, "percent_covered_display": "100", "missing_lines": 0, "excluded_lines": 0, "percent_statements_covered": 100.0, "percent_statements_covered_display": "100", "num_branches": 8, "num_partial_branches": 0, "covered_branches": 8, "missing_branches": 0, "percent_branches_covered": 100.0, "percent_branches_covered_display": "100"}, "missing_lines": [], "excluded_lines": [], "start_line": 775, "executed_branches": [[779, 780], [779, 783], [787, 788], [787, 789], [792, 793], [792, 795], [797, -775], [797, 798]], "missing_branches": []}, "MCPServerCLIFactory._cmd_status": {"executed_lines": [807, 808, 809, 810, 812], "summary": {"covered_lines": 5, "num_statements": 5, "percent_covered": 100.0, "percent_covered_display": "100", "missing_lines": 0, "excluded_lines": 0, "percent_statements_covered": 100.0, "percent_statements_covered_display": "100", "num_branches": 0, "num_partial_branches": 0, "covered_branches": 0, "missing_branches": 0, "percent_branches_covered": 100.0, "percent_branches_covered_display": "100"}, "missing_lines": [], "excluded_lines": [], "start_line": 800, "executed_branches": [], "missing_branches": []}, "MCPServerCLIFactory._cmd_health": {"executed_lines": [822, 823, 825], "summary": {"covered_lines": 3, "num_statements": 3, "percent_covered": 100.0, "percent_covered_display": "100", "missing_lines": 0, "excluded_lines": 0, "percent_statements_covered": 100.0, "percent_statements_covered_display": "100", "num_branches": 0, "num_partial_branches": 0, "covered_branches": 0, "missing_branches": 0, "percent_branches_covered": 100.0, "percent_branches_covered_display": "100"}, "missing_lines": [], "excluded_lines": [], "start_line": 814, "executed_branches": [], "missing_branches": []}, "": {"executed_lines": [7, 8, 9, 10, 11, 12, 13, 14, 16, 17, 19, 26, 32, 33, 36, 39, 40, 41, 42, 43, 44, 45, 46, 47, 50, 86, 87, 259, 287, 330, 367, 383, 430, 444, 463, 478, 494, 545, 575, 590, 608, 629, 649, 675, 685, 701, 717, 732, 737, 766, 775, 800, 814], "summary": {"covered_lines": 53, "num_statements": 53, "percent_covered": 100.0, "percent_covered_display": "100", "missing_lines": 0, "excluded_lines": 1, "percent_statements_covered": 100.0, "percent_statements_covered_display": "100", "num_branches": 0, "num_partial_branches": 0, "covered_branches": 0, "missing_branches": 0, "percent_branches_covered": 100.0, "percent_branches_covered_display": "100"}, "missing_lines": [], "excluded_lines": [51], "start_line": 1, "executed_branches": [], "missing_branches": []}}, "classes": {"ExitCode": {"executed_lines": [], "summary": {"covered_lines": 0, "num_statements": 0, "percent_covered": 100.0, "percent_covered_display": "100", "missing_lines": 0, "excluded_lines": 0, "percent_statements_covered": 100.0, "percent_statements_covered_display": "100", "num_branches": 0, "num_partial_branches": 0, "covered_branches": 0, "missing_branches": 0, "percent_branches_covered": 100.0, "percent_branches_covered_display": "100"}, "missing_lines": [], "excluded_lines": [], "start_line": 36, "executed_branches": [], "missing_branches": []}, "MCPServerCLIFactory": {"executed_lines": [176, 177, 179, 184, 187, 190, 191, 197, 198, 201, 202, 204, 211, 215, 217, 219, 224, 226, 228, 234, 236, 239, 244, 250, 279, 280, 281, 282, 283, 284, 285, 300, 301, 303, 308, 310, 311, 314, 315, 316, 317, 318, 321, 322, 323, 324, 325, 327, 328, 342, 343, 345, 346, 347, 349, 350, 351, 352, 354, 356, 357, 358, 359, 365, 377, 378, 379, 380, 381, 386, 387, 388, 389, 390, 400, 401, 404, 406, 407, 408, 411, 421, 423, 428, 433, 434, 437, 441, 442, 447, 450, 451, 452, 455, 457, 458, 460, 461, 465, 466, 467, 471, 472, 473, 474, 476, 491, 492, 496, 498, 499, 500, 506, 507, 509, 510, 511, 512, 513, 523, 524, 527, 528, 529, 530, 540, 541, 543, 550, 551, 554, 555, 556, 557, 558, 564, 565, 566, 569, 570, 573, 577, 578, 579, 580, 581, 585, 586, 587, 588, 592, 593, 595, 596, 605, 606, 610, 611, 612, 613, 614, 616, 617, 618, 619, 620, 626, 627, 641, 643, 644, 647, 651, 652, 653, 654, 655, 657, 658, 659, 661, 662, 672, 673, 677, 678, 682, 683, 687, 688, 698, 699, 703, 704, 714, 715, 719, 721, 722, 724, 725, 726, 727, 734, 735, 744, 745, 747, 748, 758, 760, 761, 762, 764, 768, 769, 770, 771, 773, 779, 780, 781, 783, 784, 785, 786, 787, 788, 789, 790, 791, 792, 793, 795, 797, 798, 807, 808, 809, 810, 812, 822, 823, 825], "summary": {"covered_lines": 244, "num_statements": 248, "percent_covered": 97.98850574712644, "percent_covered_display": "98", "missing_lines": 4, "excluded_lines": 1, "percent_statements_covered": 98.38709677419355, "percent_statements_covered_display": "98", "num_branches": 100, "num_partial_branches": 3, "covered_branches": 97, "missing_branches": 3, "percent_branches_covered": 97.0, "percent_branches_covered_display": "97"}, "missing_lines": [193, 200, 729, 730], "excluded_lines": [96], "start_line": 50, "executed_branches": [[190, 191], [197, 198], [215, 217], [226, 228], [226, 234], [234, 236], [234, 244], [300, 301], [300, 303], [308, 310], [308, 321], [342, 343], [342, 345], [349, 350], [349, 352], [354, 356], [354, 365], [356, 357], [356, 359], [389, 390], [389, 400], [406, -383], [406, 407], [407, 408], [407, 421], [457, -447], [457, 458], [465, 466], [465, 473], [466, 467], [466, 471], [473, 474], [473, 476], [498, 499], [498, 509], [499, 500], [499, 506], [512, 513], [512, 523], [528, 529], [528, 543], [529, 530], [529, 540], [550, 551], [550, 554], [557, 558], [557, 564], [569, 570], [569, 573], [578, 579], [578, 588], [579, 580], [579, 587], [580, 581], [580, 585], [592, 593], [592, 595], [595, 596], [595, 605], [613, 614], [613, 616], [619, 620], [619, 626], [643, 644], [643, 647], [652, 653], [652, 657], [653, 654], [653, 655], [657, 658], [657, 661], [661, 662], [661, 672], [677, 678], [677, 682], [687, 688], [687, 698], [703, 704], [703, 714], [721, 722], [721, 724], [734, -732], [734, 735], [747, 748], [747, 760], [761, 762], [761, 764], [768, 769], [768, 773], [779, 780], [779, 783], [787, 788], [787, 789], [792, 793], [792, 795], [797, -775], [797, 798]], "missing_branches": [[190, 193], [197, 200], [215, -211]]}, "": {"executed_lines": [7, 8, 9, 10, 11, 12, 13, 14, 16, 17, 19, 26, 32, 33, 36, 39, 40, 41, 42, 43, 44, 45, 46, 47, 50, 86, 87, 259, 287, 330, 367, 383, 430, 444, 463, 478, 494, 545, 575, 590, 608, 629, 649, 675, 685, 701, 717, 732, 737, 766, 775, 800, 814], "summary": {"covered_lines": 53, "num_statements": 53, "percent_covered": 100.0, "percent_covered_display": "100", "missing_lines": 0, "excluded_lines": 1, "percent_statements_covered": 100.0, "percent_statements_covered_display": "100", "num_branches": 0, "num_partial_branches": 0, "covered_branches": 0, "missing_branches": 0, "percent_branches_covered": 100.0, "percent_branches_covered_display": "100"}, "missing_lines": [], "excluded_lines": [51], "start_line": 1, "executed_branches": [], "missing_branches": []}}}, "mcp_common/cli/health.py": {"executed_lines": [7, 8, 9, 10, 11, 12, 14, 17, 18, 35, 36, 37, 38, 39, 40, 41, 42, 44, 50, 51, 52, 53, 54, 55, 58, 76, 77, 79, 80, 81, 83, 84, 86, 87, 88, 91, 92, 93, 94, 95, 96, 97, 98, 99, 102, 103, 105, 108, 133, 136, 139, 140, 141, 142, 143, 144, 146, 147, 150, 167, 168, 170, 171, 172, 173, 175, 176, 179, 193, 194, 196, 197, 198, 199, 201], "summary": {"covered_lines": 75, "num_statements": 75, "percent_covered": 100.0, "percent_covered_display": "100", "missing_lines": 0, "excluded_lines": 0, "percent_statements_covered": 100.0, "percent_statements_covered_display": "100", "num_branches": 12, "num_partial_branches": 0, "covered_branches": 12, "missing_branches": 0, "percent_branches_covered": 100.0, "percent_branches_covered_display": "100"}, "missing_lines": [], "excluded_lines": [], "executed_branches": [[51, 52], [51, 53], [53, 54], [53, 55], [76, 77], [76, 79], [86, 87], [86, 91], [167, 168], [167, 170], [193, 194], [193, 196]], "missing_branches": [], "functions": {"RuntimeHealthSnapshot.as_dict": {"executed_lines": [50, 51, 52, 53, 54, 55], "summary": {"covered_lines": 6, "num_statements": 6, "percent_covered": 100.0, "percent_covered_display": "100", "missing_lines": 0, "excluded_lines": 0, "percent_statements_covered": 100.0, "percent_statements_covered_display": "100", "num_branches": 4, "num_partial_branches": 0, "covered_branches": 4, "missing_branches": 0, "percent_branches_covered": 100.0, "percent_branches_covered_display": "100"}, "missing_lines": [], "excluded_lines": [], "start_line": 44, "executed_branches": [[51, 52], [51, 53], [53, 54], [53, 55]], "missing_branches": []}, "load_runtime_health": {"executed_lines": [76, 77, 79, 80, 81, 83, 84, 86, 87, 88, 91, 92, 93, 94, 95, 96, 97, 98, 99, 102, 103, 105], "summary": {"covered_lines": 22, "num_statements": 22, "percent_covered": 100.0, "percent_covered_display": "100", "missing_lines": 0, "excluded_lines": 0, "percent_statements_covered": 100.0, "percent_statements_covered_display": "100", "num_branches": 4, "num_partial_branches": 0, "covered_branches": 4, "missing_branches": 0, "percent_branches_covered": 100.0, "percent_branches_covered_display": "100"}, "missing_lines": [], "excluded_lines": [], "start_line": 58, "executed_branches": [[76, 77], [76, 79], [86, 87], [86, 91]], "missing_branches": []}, "write_runtime_health": {"executed_lines": [133, 136, 139, 140, 141, 142, 143, 144, 146, 147], "summary": {"covered_lines": 10, "num_statements": 10, "percent_covered": 100.0, "percent_covered_display": "100", "missing_lines": 0, "excluded_lines": 0, "percent_statements_covered": 100.0, "percent_statements_covered_display": "100", "num_branches": 0, "num_partial_branches": 0, "covered_branches": 0, "missing_branches": 0, "percent_branches_covered": 100.0, "percent_branches_covered_display": "100"}, "missing_lines": [], "excluded_lines": [], "start_line": 108, "executed_branches": [], "missing_branches": []}, "is_snapshot_fresh": {"executed_lines": [167, 168, 170, 171, 172, 173, 175, 176], "summary": {"covered_lines": 8, "num_statements": 8, "percent_covered": 100.0, "percent_covered_display": "100", "missing_lines": 0, "excluded_lines": 0, "percent_statements_covered": 100.0, "percent_statements_covered_display": "100", "num_branches": 2, "num_partial_branches": 0, "covered_branches": 2, "missing_branches": 0, "percent_branches_covered": 100.0, "percent_branches_covered_display": "100"}, "missing_lines": [], "excluded_lines": [], "start_line": 150, "executed_branches": [[167, 168], [167, 170]], "missing_branches": []}, "get_snapshot_age_seconds": {"executed_lines": [193, 194, 196, 197, 198, 199, 201], "summary": {"covered_lines": 7, "num_statements": 7, "percent_covered": 100.0, "percent_covered_display": "100", "missing_lines": 0, "excluded_lines": 0, "percent_statements_covered": 100.0, "percent_statements_covered_display": "100", "num_branches": 2, "num_partial_branches": 0, "covered_branches": 2, "missing_branches": 0, "percent_branches_covered": 100.0, "percent_branches_covered_display": "100"}, "missing_lines": [], "excluded_lines": [], "start_line": 179, "executed_branches": [[193, 194], [193, 196]], "missing_branches": []}, "": {"executed_lines": [7, 8, 9, 10, 11, 12, 14, 17, 18, 35, 36, 37, 38, 39, 40, 41, 42, 44, 58, 108, 150, 179], "summary": {"covered_lines": 22, "num_statements": 22, "percent_covered": 100.0, "percent_covered_display": "100", "missing_lines": 0, "excluded_lines": 0, "percent_statements_covered": 100.0, "percent_statements_covered_display": "100", "num_branches": 0, "num_partial_branches": 0, "covered_branches": 0, "missing_branches": 0, "percent_branches_covered": 100.0, "percent_branches_covered_display": "100"}, "missing_lines": [], "excluded_lines": [], "start_line": 1, "executed_branches": [], "missing_branches": []}}, "classes": {"RuntimeHealthSnapshot": {"executed_lines": [50, 51, 52, 53, 54, 55], "summary": {"covered_lines": 6, "num_statements": 6, "percent_covered": 100.0, "percent_covered_display": "100", "missing_lines": 0, "excluded_lines": 0, "percent_statements_covered": 100.0, "percent_statements_covered_display": "100", "num_branches": 4, "num_partial_branches": 0, "covered_branches": 4, "missing_branches": 0, "percent_branches_covered": 100.0, "percent_branches_covered_display": "100"}, "missing_lines": [], "excluded_lines": [], "start_line": 18, "executed_branches": [[51, 52], [51, 53], [53, 54], [53, 55]], "missing_branches": []}, "": {"executed_lines": [7, 8, 9, 10, 11, 12, 14, 17, 18, 35, 36, 37, 38, 39, 40, 41, 42, 44, 58, 76, 77, 79, 80, 81, 83, 84, 86, 87, 88, 91, 92, 93, 94, 95, 96, 97, 98, 99, 102, 103, 105, 108, 133, 136, 139, 140, 141, 142, 143, 144, 146, 147, 150, 167, 168, 170, 171, 172, 173, 175, 176, 179, 193, 194, 196, 197, 198, 199, 201], "summary": {"covered_lines": 69, "num_statements": 69, "percent_covered": 100.0, "percent_covered_display": "100", "missing_lines": 0, "excluded_lines": 0, "percent_statements_covered": 100.0, "percent_statements_covered_display": "100", "num_branches": 8, "num_partial_branches": 0, "covered_branches": 8, "missing_branches": 0, "percent_branches_covered": 100.0, "percent_branches_covered_display": "100"}, "missing_lines": [], "excluded_lines": [], "start_line": 1, "executed_branches": [[76, 77], [76, 79], [86, 87], [86, 91], [167, 168], [167, 170], [193, 194], [193, 196]], "missing_branches": []}}}, "mcp_common/cli/security.py": {"executed_lines": [7, 8, 9, 10, 12, 15, 24, 25, 28, 38, 40, 42, 43, 44, 47, 48, 49, 50, 53, 65, 66, 68, 69, 71, 72, 73, 77, 79, 80, 85, 88, 101, 103, 104, 106, 107, 110, 113, 114, 115, 118, 119, 120, 122, 124, 127, 146, 147, 148, 149, 152, 153, 154, 156, 157, 161, 163, 166, 167, 168, 172, 173, 177, 179, 181, 184, 197, 199, 200, 201, 202, 203, 204, 205, 206], "summary": {"covered_lines": 75, "num_statements": 75, "percent_covered": 100.0, "percent_covered_display": "100", "missing_lines": 0, "excluded_lines": 0, "percent_statements_covered": 100.0, "percent_statements_covered_display": "100", "num_branches": 12, "num_partial_branches": 0, "covered_branches": 12, "missing_branches": 0, "percent_branches_covered": 100.0, "percent_branches_covered_display": "100"}, "missing_lines": [], "excluded_lines": [], "executed_branches": [[40, 42], [40, 47], [65, 66], [65, 68], [71, 72], [71, 79], [79, -53], [79, 80], [156, 157], [156, 166], [172, 173], [172, 181]], "missing_branches": [], "functions": {"create_secure_cache_directory": {"executed_lines": [24, 25], "summary": {"covered_lines": 2, "num_statements": 2, "percent_covered": 100.0, "percent_covered_display": "100", "missing_lines": 0, "excluded_lines": 0, "percent_statements_covered": 100.0, "percent_statements_covered_display": "100", "num_branches": 0, "num_partial_branches": 0, "covered_branches": 0, "missing_branches": 0, "percent_branches_covered": 100.0, "percent_branches_covered_display": "100"}, "missing_lines": [], "excluded_lines": [], "start_line": 15, "executed_branches": [], "missing_branches": []}, "write_pid_file": {"executed_lines": [38, 40, 42, 43, 44, 47, 48, 49, 50], "summary": {"covered_lines": 9, "num_statements": 9, "percent_covered": 100.0, "percent_covered_display": "100", "missing_lines": 0, "excluded_lines": 0, "percent_statements_covered": 100.0, "percent_statements_covered_display": "100", "num_branches": 2, "num_partial_branches": 0, "covered_branches": 2, "missing_branches": 0, "percent_branches_covered": 100.0, "percent_branches_covered_display": "100"}, "missing_lines": [], "excluded_lines": [], "start_line": 28, "executed_branches": [[40, 42], [40, 47]], "missing_branches": []}, "validate_cache_ownership": {"executed_lines": [65, 66, 68, 69, 71, 72, 73, 77, 79, 80, 85], "summary": {"covered_lines": 11, "num_statements": 11, "percent_covered": 100.0, "percent_covered_display": "100", "missing_lines": 0, "excluded_lines": 0, "percent_statements_covered": 100.0, "percent_statements_covered_display": "100", "num_branches": 6, "num_partial_branches": 0, "covered_branches": 6, "missing_branches": 0, "percent_branches_covered": 100.0, "percent_branches_covered_display": "100"}, "missing_lines": [], "excluded_lines": [], "start_line": 53, "executed_branches": [[65, 66], [65, 68], [71, 72], [71, 79], [79, -53], [79, 80]], "missing_branches": []}, "is_process_alive": {"executed_lines": [101, 103, 104, 106, 107, 110, 113, 114, 115, 118, 119, 120, 122, 124], "summary": {"covered_lines": 14, "num_statements": 14, "percent_covered": 100.0, "percent_covered_display": "100", "missing_lines": 0, "excluded_lines": 0, "percent_statements_covered": 100.0, "percent_statements_covered_display": "100", "num_branches": 0, "num_partial_branches": 0, "covered_branches": 0, "missing_branches": 0, "percent_branches_covered": 100.0, "percent_branches_covered_display": "100"}, "missing_lines": [], "excluded_lines": [], "start_line": 88, "executed_branches": [], "missing_branches": []}, "validate_pid_integrity": {"executed_lines": [146, 147, 148, 149, 152, 153, 154, 156, 157, 161, 163, 166, 167, 168, 172, 173, 177, 179, 181], "summary": {"covered_lines": 19, "num_statements": 19, "percent_covered": 100.0, "percent_covered_display": "100", "missing_lines": 0, "excluded_lines": 0, "percent_statements_covered": 100.0, "percent_statements_covered_display": "100", "num_branches": 4, "num_partial_branches": 0, "covered_branches": 4, "missing_branches": 0, "percent_branches_covered": 100.0, "percent_branches_covered_display": "100"}, "missing_lines": [], "excluded_lines": [], "start_line": 127, "executed_branches": [[156, 157], [156, 166], [172, 173], [172, 181]], "missing_branches": []}, "atomic_write_json": {"executed_lines": [197, 199, 200, 201, 202, 203, 204, 205, 206], "summary": {"covered_lines": 9, "num_statements": 9, "percent_covered": 100.0, "percent_covered_display": "100", "missing_lines": 0, "excluded_lines": 0, "percent_statements_covered": 100.0, "percent_statements_covered_display": "100", "num_branches": 0, "num_partial_branches": 0, "covered_branches": 0, "missing_branches": 0, "percent_branches_covered": 100.0, "percent_branches_covered_display": "100"}, "missing_lines": [], "excluded_lines": [], "start_line": 184, "executed_branches": [], "missing_branches": []}, "": {"executed_lines": [7, 8, 9, 10, 12, 15, 28, 53, 88, 127, 184], "summary": {"covered_lines": 11, "num_statements": 11, "percent_covered": 100.0, "percent_covered_display": "100", "missing_lines": 0, "excluded_lines": 0, "percent_statements_covered": 100.0, "percent_statements_covered_display": "100", "num_branches": 0, "num_partial_branches": 0, "covered_branches": 0, "missing_branches": 0, "percent_branches_covered": 100.0, "percent_branches_covered_display": "100"}, "missing_lines": [], "excluded_lines": [], "start_line": 1, "executed_branches": [], "missing_branches": []}}, "classes": {"": {"executed_lines": [7, 8, 9, 10, 12, 15, 24, 25, 28, 38, 40, 42, 43, 44, 47, 48, 49, 50, 53, 65, 66, 68, 69, 71, 72, 73, 77, 79, 80, 85, 88, 101, 103, 104, 106, 107, 110, 113, 114, 115, 118, 119, 120, 122, 124, 127, 146, 147, 148, 149, 152, 153, 154, 156, 157, 161, 163, 166, 167, 168, 172, 173, 177, 179, 181, 184, 197, 199, 200, 201, 202, 203, 204, 205, 206], "summary": {"covered_lines": 75, "num_statements": 75, "percent_covered": 100.0, "percent_covered_display": "100", "missing_lines": 0, "excluded_lines": 0, "percent_statements_covered": 100.0, "percent_statements_covered_display": "100", "num_branches": 12, "num_partial_branches": 0, "covered_branches": 12, "missing_branches": 0, "percent_branches_covered": 100.0, "percent_branches_covered_display": "100"}, "missing_lines": [], "excluded_lines": [], "start_line": 1, "executed_branches": [[40, 42], [40, 47], [65, 66], [65, 68], [71, 72], [71, 79], [79, -53], [79, 80], [156, 157], [156, 166], [172, 173], [172, 181]], "missing_branches": []}}}, "mcp_common/cli/settings.py": {"executed_lines": [7, 8, 9, 11, 12, 15, 38, 39, 43, 46, 47, 49, 51, 57, 59, 65, 67, 73, 75, 76, 114, 117, 118, 119, 120, 123, 125, 126, 128, 129, 130, 131, 132, 133, 135, 136, 138, 139, 140, 141, 142, 143, 145, 146, 148, 149, 150, 151, 153, 154, 155, 156, 158, 160, 161, 165, 166, 167, 168, 169], "summary": {"covered_lines": 60, "num_statements": 60, "percent_covered": 98.75, "percent_covered_display": "99", "missing_lines": 0, "excluded_lines": 1, "percent_statements_covered": 100.0, "percent_statements_covered_display": "100", "num_branches": 20, "num_partial_branches": 1, "covered_branches": 19, "missing_branches": 1, "percent_branches_covered": 95.0, "percent_branches_covered_display": "95"}, "missing_lines": [], "excluded_lines": [16], "executed_branches": [[129, -125], [129, 130], [132, -125], [132, 133], [139, -135], [139, 140], [142, -135], [142, 143], [148, -145], [148, 149], [150, 148], [150, 151], [153, 154], [153, 155], [155, 156], [155, 158], [165, -160], [165, 166], [168, 169]], "missing_branches": [[168, -160]], "functions": {"MCPServerSettings.pid_path": {"executed_lines": [57], "summary": {"covered_lines": 1, "num_statements": 1, "percent_covered": 100.0, "percent_covered_display": "100", "missing_lines": 0, "excluded_lines": 0, "percent_statements_covered": 100.0, "percent_statements_covered_display": "100", "num_branches": 0, "num_partial_branches": 0, "covered_branches": 0, "missing_branches": 0, "percent_branches_covered": 100.0, "percent_branches_covered_display": "100"}, "missing_lines": [], "excluded_lines": [], "start_line": 51, "executed_branches": [], "missing_branches": []}, "MCPServerSettings.health_snapshot_path": {"executed_lines": [65], "summary": {"covered_lines": 1, "num_statements": 1, "percent_covered": 100.0, "percent_covered_display": "100", "missing_lines": 0, "excluded_lines": 0, "percent_statements_covered": 100.0, "percent_statements_covered_display": "100", "num_branches": 0, "num_partial_branches": 0, "covered_branches": 0, "missing_branches": 0, "percent_branches_covered": 100.0, "percent_branches_covered_display": "100"}, "missing_lines": [], "excluded_lines": [], "start_line": 59, "executed_branches": [], "missing_branches": []}, "MCPServerSettings.telemetry_snapshot_path": {"executed_lines": [73], "summary": {"covered_lines": 1, "num_statements": 1, "percent_covered": 100.0, "percent_covered_display": "100", "missing_lines": 0, "excluded_lines": 0, "percent_statements_covered": 100.0, "percent_statements_covered_display": "100", "num_branches": 0, "num_partial_branches": 0, "covered_branches": 0, "missing_branches": 0, "percent_branches_covered": 100.0, "percent_branches_covered_display": "100"}, "missing_lines": [], "excluded_lines": [], "start_line": 67, "executed_branches": [], "missing_branches": []}, "MCPServerSettings.load": {"executed_lines": [114, 117, 118, 119, 120, 123], "summary": {"covered_lines": 6, "num_statements": 6, "percent_covered": 100.0, "percent_covered_display": "100", "missing_lines": 0, "excluded_lines": 0, "percent_statements_covered": 100.0, "percent_statements_covered_display": "100", "num_branches": 0, "num_partial_branches": 0, "covered_branches": 0, "missing_branches": 0, "percent_branches_covered": 100.0, "percent_branches_covered_display": "100"}, "missing_lines": [], "excluded_lines": [], "start_line": 76, "executed_branches": [], "missing_branches": []}, "MCPServerSettings._load_server_yaml_layer": {"executed_lines": [128, 129, 130, 131, 132, 133], "summary": {"covered_lines": 6, "num_statements": 6, "percent_covered": 100.0, "percent_covered_display": "100", "missing_lines": 0, "excluded_lines": 0, "percent_statements_covered": 100.0, "percent_statements_covered_display": "100", "num_branches": 4, "num_partial_branches": 0, "covered_branches": 4, "missing_branches": 0, "percent_branches_covered": 100.0, "percent_branches_covered_display": "100"}, "missing_lines": [], "excluded_lines": [], "start_line": 126, "executed_branches": [[129, -125], [129, 130], [132, -125], [132, 133]], "missing_branches": []}, "MCPServerSettings._load_local_yaml_layer": {"executed_lines": [138, 139, 140, 141, 142, 143], "summary": {"covered_lines": 6, "num_statements": 6, "percent_covered": 100.0, "percent_covered_display": "100", "missing_lines": 0, "excluded_lines": 0, "percent_statements_covered": 100.0, "percent_statements_covered_display": "100", "num_branches": 4, "num_partial_branches": 0, "covered_branches": 4, "missing_branches": 0, "percent_branches_covered": 100.0, "percent_branches_covered_display": "100"}, "missing_lines": [], "excluded_lines": [], "start_line": 136, "executed_branches": [[139, -135], [139, 140], [142, -135], [142, 143]], "missing_branches": []}, "MCPServerSettings._load_environment_layer": {"executed_lines": [148, 149, 150, 151, 153, 154, 155, 156, 158], "summary": {"covered_lines": 9, "num_statements": 9, "percent_covered": 100.0, "percent_covered_display": "100", "missing_lines": 0, "excluded_lines": 0, "percent_statements_covered": 100.0, "percent_statements_covered_display": "100", "num_branches": 8, "num_partial_branches": 0, "covered_branches": 8, "missing_branches": 0, "percent_branches_covered": 100.0, "percent_branches_covered_display": "100"}, "missing_lines": [], "excluded_lines": [], "start_line": 146, "executed_branches": [[148, -145], [148, 149], [150, 148], [150, 151], [153, 154], [153, 155], [155, 156], [155, 158]], "missing_branches": []}, "MCPServerSettings._load_explicit_config_layer": {"executed_lines": [165, 166, 167, 168, 169], "summary": {"covered_lines": 5, "num_statements": 5, "percent_covered": 88.88888888888889, "percent_covered_display": "89", "missing_lines": 0, "excluded_lines": 0, "percent_statements_covered": 100.0, "percent_statements_covered_display": "100", "num_branches": 4, "num_partial_branches": 1, "covered_branches": 3, "missing_branches": 1, "percent_branches_covered": 75.0, "percent_branches_covered_display": "75"}, "missing_lines": [], "excluded_lines": [], "start_line": 161, "executed_branches": [[165, -160], [165, 166], [168, 169]], "missing_branches": [[168, -160]]}, "": {"executed_lines": [7, 8, 9, 11, 12, 15, 38, 39, 43, 46, 47, 49, 51, 59, 67, 75, 76, 125, 126, 135, 136, 145, 146, 160, 161], "summary": {"covered_lines": 25, "num_statements": 25, "percent_covered": 100.0, "percent_covered_display": "100", "missing_lines": 0, "excluded_lines": 1, "percent_statements_covered": 100.0, "percent_statements_covered_display": "100", "num_branches": 0, "num_partial_branches": 0, "covered_branches": 0, "missing_branches": 0, "percent_branches_covered": 100.0, "percent_branches_covered_display": "100"}, "missing_lines": [], "excluded_lines": [16], "start_line": 1, "executed_branches": [], "missing_branches": []}}, "classes": {"MCPServerSettings": {"executed_lines": [57, 65, 73, 114, 117, 118, 119, 120, 123, 128, 129, 130, 131, 132, 133, 138, 139, 140, 141, 142, 143, 148, 149, 150, 151, 153, 154, 155, 156, 158, 165, 166, 167, 168, 169], "summary": {"covered_lines": 35, "num_statements": 35, "percent_covered": 98.18181818181819, "percent_covered_display": "98", "missing_lines": 0, "excluded_lines": 0, "percent_statements_covered": 100.0, "percent_statements_covered_display": "100", "num_branches": 20, "num_partial_branches": 1, "covered_branches": 19, "missing_branches": 1, "percent_branches_covered": 95.0, "percent_branches_covered_display": "95"}, "missing_lines": [], "excluded_lines": [], "start_line": 15, "executed_branches": [[129, -125], [129, 130], [132, -125], [132, 133], [139, -135], [139, 140], [142, -135], [142, 143], [148, -145], [148, 149], [150, 148], [150, 151], [153, 154], [153, 155], [155, 156], [155, 158], [165, -160], [1
[...]
 "start_line": 273, "executed_branches": [[289, 290], [289, 293]], "missing_branches": []}, "WebSocketServer.start": {"executed_lines": [297, 298, 299, 301, 304, 305, 307, 425, 431, 433, 434], "summary": {"covered_lines": 11, "num_statements": 11, "percent_covered": 100.0, "percent_covered_display": "100", "missing_lines": 0, "excluded_lines": 0, "percent_statements_covered": 100.0, "percent_statements_covered_display": "100", "num_branches": 4, "num_partial_branches": 0, "covered_branches": 4, "missing_branches": 0, "percent_branches_covered": 100.0, "percent_branches_covered_display": "100"}, "missing_lines": [], "excluded_lines": [], "start_line": 295, "executed_branches": [[297, 298], [297, 301], [304, 305], [304, 307]], "missing_branches": []}, "WebSocketServer.start.handler": {"executed_lines": [], "summary": {"covered_lines": 0, "num_statements": 63, "percent_covered": 0.0, "percent_covered_display": "0", "missing_lines": 63, "excluded_lines": 0, "percent_statements_covered": 0.0, "percent_statements_covered_display": "0", "num_branches": 30, "num_partial_branches": 0, "covered_branches": 0, "missing_branches": 30, "percent_branches_covered": 0.0, "percent_branches_covered_display": "0"}, "missing_lines": [309, 310, 311, 312, 313, 315, 318, 319, 321, 322, 324, 328, 329, 331, 333, 338, 339, 340, 341, 342, 345, 346, 352, 357, 360, 364, 365, 366, 367, 368, 370, 371, 372, 373, 374, 375, 377, 379, 380, 382, 383, 386, 388, 389, 390, 393, 394, 396, 399, 400, 403, 404, 405, 408, 410, 411, 413, 414, 416, 417, 418, 421, 422], "excluded_lines": [], "start_line": 307, "executed_branches": [], "missing_branches": [[309, 310], [309, 315], [311, 312], [311, 313], [318, 319], [318, 377], [324, 328], [324, 360], [331, 333], [331, 345], [340, 341], [340, 342], [366, 367], [366, 368], [373, 374], [373, 375], [379, 380], [379, 382], [386, 388], [386, 416], [393, 394], [393, 396], [399, 386], [399, 400], [410, 386], [410, 411], [417, 418], [417, 421], [421, -307], [421, 422]]}, "WebSocketServer.stop": {"executed_lines": [441, 442, 444, 447, 448, 449, 450, 453, 456], "summary": {"covered_lines": 9, "num_statements": 9, "percent_covered": 100.0, "percent_covered_display": "100", "missing_lines": 0, "excluded_lines": 1, "percent_statements_covered": 100.0, "percent_statements_covered_display": "100", "num_branches": 4, "num_partial_branches": 0, "covered_branches": 4, "missing_branches": 0, "percent_branches_covered": 100.0, "percent_branches_covered_display": "100"}, "missing_lines": [], "excluded_lines": [451], "start_line": 439, "executed_branches": [[441, 442], [441, 444], [447, 448], [447, 453]], "missing_branches": []}, "WebSocketServer._cleanup_auto_cert": {"executed_lines": [460, 462, 463, 464, 465, 469, 470, 471, 472, 476, 477], "summary": {"covered_lines": 11, "num_statements": 15, "percent_covered": 78.94736842105263, "percent_covered_display": "79", "missing_lines": 4, "excluded_lines": 0, "percent_statements_covered": 73.33333333333333, "percent_statements_covered_display": "73", "num_branches": 4, "num_partial_branches": 0, "covered_branches": 4, "missing_branches": 0, "percent_branches_covered": 100.0, "percent_branches_covered_display": "100"}, "missing_lines": [466, 467, 473, 474], "excluded_lines": [], "start_line": 458, "executed_branches": [[462, 463], [462, 469], [469, 470], [469, 476]], "missing_branches": []}, "WebSocketServer.join_room": {"executed_lines": [481, 482, 484, 485, 487], "summary": {"covered_lines": 5, "num_statements": 5, "percent_covered": 100.0, "percent_covered_display": "100", "missing_lines": 0, "excluded_lines": 0, "percent_statements_covered": 100.0, "percent_statements_covered_display": "100", "num_branches": 2, "num_partial_branches": 0, "covered_branches": 2, "missing_branches": 0, "percent_branches_covered": 100.0, "percent_branches_covered_display": "100"}, "missing_lines": [], "excluded_lines": [], "start_line": 479, "executed_branches": [[481, 482], [481, 484]], "missing_branches": []}, "WebSocketServer.leave_room": {"executed_lines": [491, 492, 494, 495, 496, 498], "summary": {"covered_lines": 6, "num_statements": 6, "percent_covered": 91.66666666666667, "percent_covered_display": "92", "missing_lines": 0, "excluded_lines": 0, "percent_statements_covered": 100.0, "percent_statements_covered_display": "100", "num_branches": 6, "num_partial_branches": 1, "covered_branches": 5, "missing_branches": 1, "percent_branches_covered": 83.33333333333333, "percent_branches_covered_display": "83"}, "missing_lines": [], "excluded_lines": [], "start_line": 489, "executed_branches": [[491, 492], [491, 494], [494, 495], [495, 496], [495, 498]], "missing_branches": [[494, 498]]}, "WebSocketServer.leave_all_rooms": {"executed_lines": [502, 503, 504], "summary": {"covered_lines": 3, "num_statements": 3, "percent_covered": 100.0, "percent_covered_display": "100", "missing_lines": 0, "excluded_lines": 0, "percent_statements_covered": 100.0, "percent_statements_covered_display": "100", "num_branches": 2, "num_partial_branches": 0, "covered_branches": 2, "missing_branches": 0, "percent_branches_covered": 100.0, "percent_branches_covered_display": "100"}, "missing_lines": [], "excluded_lines": [], "start_line": 500, "executed_branches": [[502, -500], [502, 503]], "missing_branches": []}, "WebSocketServer.broadcast_to_room": {"executed_lines": [514, 515, 517, 518, 521, 524, 525, 526, 527, 528, 529, 530, 533, 534, 535], "summary": {"covered_lines": 15, "num_statements": 15, "percent_covered": 100.0, "percent_covered_display": "100", "missing_lines": 0, "excluded_lines": 0, "percent_statements_covered": 100.0, "percent_statements_covered_display": "100", "num_branches": 8, "num_partial_branches": 0, "covered_branches": 8, "missing_branches": 0, "percent_branches_covered": 100.0, "percent_branches_covered_display": "100"}, "missing_lines": [], "excluded_lines": [], "start_line": 506, "executed_branches": [[514, 515], [514, 517], [524, 525], [524, 533], [525, 524], [525, 526], [533, -506], [533, 534]], "missing_branches": []}, "WebSocketServer.send_to_connection": {"executed_lines": [545, 546, 547, 549, 551, 552, 553, 556, 557, 558, 559, 561, 562], "summary": {"covered_lines": 13, "num_statements": 13, "percent_covered": 100.0, "percent_covered_display": "100", "missing_lines": 0, "excluded_lines": 0, "percent_statements_covered": 100.0, "percent_statements_covered_display": "100", "num_branches": 6, "num_partial_branches": 0, "covered_branches": 6, "missing_branches": 0, "percent_branches_covered": 100.0, "percent_branches_covered_display": "100"}, "missing_lines": [], "excluded_lines": [], "start_line": 537, "executed_branches": [[545, 546], [545, 549], [556, -537], [556, 557], [561, -537], [561, 562]], "missing_branches": []}, "WebSocketServer.on_event": {"executed_lines": [574, 580], "summary": {"covered_lines": 2, "num_statements": 2, "percent_covered": 100.0, "percent_covered_display": "100", "missing_lines": 0, "excluded_lines": 0, "percent_statements_covered": 100.0, "percent_statements_covered_display": "100", "num_branches": 0, "num_partial_branches": 0, "covered_branches": 0, "missing_branches": 0, "percent_branches_covered": 100.0, "percent_branches_covered_display": "100"}, "missing_lines": [], "excluded_lines": [], "start_line": 564, "executed_branches": [], "missing_branches": []}, "WebSocketServer.on_event.decorator": {"executed_lines": [575, 576, 577, 578], "summary": {"covered_lines": 4, "num_statements": 4, "percent_covered": 100.0, "percent_covered_display": "100", "missing_lines": 0, "excluded_lines": 0, "percent_statements_covered": 100.0, "percent_statements_covered_display": "100", "num_branches": 2, "num_partial_branches": 0, "covered_branches": 2, "missing_branches": 0, "percent_branches_covered": 100.0, "percent_branches_covered_display": "100"}, "missing_lines": [], "excluded_lines": [], "start_line": 574, "executed_branches": [[575, 576], [575, 577]], "missing_branches": []}, "WebSocketServer.emit_event": {"executed_lines": [590, 591, 593, 594, 595, 597, 598, 600, 601, 602], "summary": {"covered_lines": 10, "num_statements": 10, "percent_covered": 100.0, "percent_covered_display": "100", "missing_lines": 0, "excluded_lines": 0, "percent_statements_covered": 100.0, "percent_statements_covered_display": "100", "num_branches": 6, "num_partial_branches": 0, "covered_branches": 6, "missing_branches": 0, "percent_branches_covered": 100.0, "percent_branches_covered_display": "100"}, "missing_lines": [], "excluded_lines": [], "start_line": 582, "executed_branches": [[590, 591], [590, 593], [593, -582], [593, 594], [597, 598], [597, 600]], "missing_branches": []}, "": {"executed_lines": [7, 9, 10, 11, 12, 13, 14, 15, 16, 18, 19, 21, 25, 26, 31, 37, 40, 90, 185, 230, 231, 273, 295, 439, 458, 479, 489, 500, 506, 537, 564, 582, 605], "summary": {"covered_lines": 33, "num_statements": 33, "percent_covered": 100.0, "percent_covered_display": "100", "missing_lines": 0, "excluded_lines": 8, "percent_statements_covered": 100.0, "percent_statements_covered_display": "100", "num_branches": 0, "num_partial_branches": 0, "covered_branches": 0, "missing_branches": 0, "percent_branches_covered": 100.0, "percent_branches_covered_display": "100"}, "missing_lines": [], "excluded_lines": [22, 23, 240, 241, 251, 252, 262, 263], "start_line": 1, "executed_branches": [], "missing_branches": []}}, "classes": {"WebSocketServer": {"executed_lines": [129, 135, 136, 137, 138, 139, 140, 143, 144, 145, 146, 147, 148, 149, 152, 153, 156, 157, 158, 161, 164, 165, 168, 169, 170, 171, 174, 175, 178, 179, 192, 194, 195, 201, 204, 205, 206, 209, 210, 215, 216, 222, 227, 228, 237, 238, 289, 290, 291, 293, 297, 298, 299, 301, 304, 305, 307, 425, 431, 433, 434, 441, 442, 444, 447, 448, 449, 450, 453, 456, 460, 462, 463, 464, 465, 469, 470, 471, 472, 476, 477, 481, 482, 484, 485, 487, 491, 492, 494, 495, 496, 498, 502, 503, 504, 514, 515, 517, 518, 521, 524, 525, 526, 527, 528, 529, 530, 533, 534, 535, 545, 546, 547, 549, 551, 552, 553, 556, 557, 558, 559, 561, 562, 574, 575, 576, 577, 578, 580, 590, 591, 593, 594, 595, 597, 598, 600, 601, 602], "summary": {"covered_lines": 139, "num_statements": 206, "percent_covered": 66.3265306122449, "percent_covered_display": "66", "missing_lines": 67, "excluded_lines": 26, "percent_statements_covered": 67.47572815533981, "percent_statements_covered_display": "67", "num_branches": 88, "num_partial_branches": 2, "covered_branches": 56, "missing_branches": 32, "percent_branches_covered": 63.63636363636363, "percent_branches_covered_display": "64"}, "missing_lines": [309, 310, 311, 312, 313, 315, 318, 319, 321, 322, 324, 328, 329, 331, 333, 338, 339, 340, 341, 342, 345, 346, 352, 357, 360, 364, 365, 366, 367, 368, 370, 371, 372, 373, 374, 375, 377, 379, 380, 382, 383, 386, 388, 389, 390, 393, 394, 396, 399, 400, 403, 404, 405, 408, 410, 411, 413, 414, 416, 417, 418, 421, 422, 466, 467, 473, 474], "excluded_lines": [130, 242, 243, 244, 245, 246, 247, 248, 249, 253, 254, 255, 256, 257, 258, 259, 260, 264, 265, 266, 267, 268, 269, 270, 271, 451], "start_line": 40, "executed_branches": [[174, 175], [174, 178], [178, -90], [178, 179], [194, 195], [194, 215], [205, 206], [205, 209], [209, -185], [209, 210], [215, 216], [289, 290], [289, 293], [297, 298], [297, 301], [304, 305], [304, 307], [441, 442], [441, 444], [447, 448], [447, 453], [462, 463], [462, 469], [469, 470], [469, 476], [481, 482], [481, 484], [491, 492], [491, 494], [494, 495], [495, 496], [495, 498], [502, -500], [502, 503], [514, 515], [514, 517], [524, 525], [524, 533], [525, 524], [525, 526], [533, -506], [533, 534], [545, 546], [545, 549], [556, -537], [556, 557], [561, -537], [561, 562], [575, 576], [575, 577], [590, 591], [590, 593], [593, -582], [593, 594], [597, 598], [597, 600]], "missing_branches": [[215, -185], [309, 310], [309, 315], [311, 312], [311, 313], [318, 319], [318, 377], [324, 328], [324, 360], [331, 333], [331, 345], [340, 341], [340, 342], [366, 367], [366, 368], [373, 374], [373, 375], [379, 380], [379, 382], [386, 388], [386, 416], [393, 394], [393, 396], [399, 386], [399, 400], [410, 386], [410, 411], [417, 418], [417, 421], [421, -307], [421, 422], [494, 498]]}, "": {"executed_lines": [7, 9, 10, 11, 12, 13, 14, 15, 16, 18, 19, 21, 25, 26, 31, 37, 40, 90, 185, 230, 231, 273, 295, 439, 458, 479, 489, 500, 506, 537, 564, 582, 605], "summary": {"covered_lines": 33, "num_statements": 33, "percent_covered": 100.0, "percent_covered_display": "100", "missing_lines": 0, "excluded_lines": 8, "percent_statements_covered": 100.0, "percent_statements_covered_display": "100", "num_branches": 0, "num_partial_branches": 0, "covered_branches": 0, "missing_branches": 0, "percent_branches_covered": 100.0, "percent_branches_covered_display": "100"}, "missing_lines": [], "excluded_lines": [22, 23, 240, 241, 251, 252, 262, 263], "start_line": 1, "executed_branches": [], "missing_branches": []}}}, "mcp_common/websocket/tls.py": {"executed_lines": [8, 10, 11, 12, 13, 14, 15, 16, 18, 19, 20, 21, 22, 24, 27, 120, 202, 235, 278], "summary": {"covered_lines": 19, "num_statements": 98, "percent_covered": 16.10169491525424, "percent_covered_display": "16", "missing_lines": 79, "excluded_lines": 0, "percent_statements_covered": 19.387755102040817, "percent_statements_covered_display": "19", "num_branches": 20, "num_partial_branches": 0, "covered_branches": 0, "missing_branches": 20, "percent_branches_covered": 0.0, "percent_branches_covered_display": "0"}, "missing_lines": [47, 54, 65, 83, 84, 86, 88, 89, 92, 99, 101, 106, 108, 110, 111, 112, 113, 114, 116, 117, 150, 151, 154, 157, 158, 159, 160, 161, 163, 164, 167, 168, 173, 174, 175, 176, 177, 178, 181, 191, 194, 195, 196, 197, 199, 225, 259, 265, 270, 275, 298, 299, 311, 313, 314, 315, 318, 319, 320, 321, 324, 325, 327, 328, 329, 330, 331, 332, 333, 335, 336, 337, 340, 341, 343, 344, 345, 346, 348], "excluded_lines": [], "executed_branches": [], "missing_branches": [[157, 158], [157, 167], [158, 159], [158, 160], [160, 161], [160, 163], [167, 168], [167, 181], [173, 174], [173, 181], [175, 176], [175, 177], [327, 328], [327, 331], [331, 332], [331, 340], [335, 336], [335, 340], [340, 341], [340, 348]], "functions": {"generate_self_signed_cert": {"executed_lines": [], "summary": {"covered_lines": 0, "num_statements": 20, "percent_covered": 0.0, "percent_covered_display": "0", "missing_lines": 20, "excluded_lines": 0, "percent_statements_covered": 0.0, "percent_statements_covered_display": "0", "num_branches": 0, "num_partial_branches": 0, "covered_branches": 0, "missing_branches": 0, "percent_branches_covered": 100.0, "percent_branches_covered_display": "100"}, "missing_lines": [47, 54, 65, 83, 84, 86, 88, 89, 92, 99, 101, 106, 108, 110, 111, 112, 113, 114, 116, 117], "excluded_lines": [], "start_line": 27, "executed_branches": [], "missing_branches": []}, "create_ssl_context": {"executed_lines": [], "summary": {"covered_lines": 0, "num_statements": 25, "percent_covered": 0.0, "percent_covered_display": "0", "missing_lines": 25, "excluded_lines": 0, "percent_statements_covered": 0.0, "percent_statements_covered_display": "0", "num_branches": 12, "num_partial_branches": 0, "covered_branches": 0, "missing_branches": 12, "percent_branches_covered": 0.0, "percent_branches_covered_display": "0"}, "missing_lines": [150, 151, 154, 157, 158, 159, 160, 161, 163, 164, 167, 168, 173, 174, 175, 176, 177, 178, 181, 191, 194, 195, 196, 197, 199], "excluded_lines": [], "start_line": 120, "executed_branches": [], "missing_branches": [[157, 158], [157, 167], [158, 159], [158, 160], [160, 161], [160, 163], [167, 168], [167, 181], [173, 174], [173, 181], [175, 176], [175, 177]]}, "get_tls_config_from_env": {"executed_lines": [], "summary": {"covered_lines": 0, "num_statements": 1, "percent_covered": 0.0, "percent_covered_display": "0", "missing_lines": 1, "excluded_lines": 0, "percent_statements_covered": 0.0, "percent_statements_covered_display": "0", "num_branches": 0, "num_partial_branches": 0, "covered_branches": 0, "missing_branches": 0, "percent_branches_covered": 100.0, "percent_branches_covered_display": "100"}, "missing_lines": [225], "excluded_lines": [], "start_line": 202, "executed_branches": [], "missing_branches": []}, "create_development_ssl_context": {"executed_lines": [], "summary": {"covered_lines": 0, "num_statements": 4, "percent_covered": 0.0, "percent_covered_display": "0", "missing_lines": 4, "excluded_lines": 0, "percent_statements_covered": 0.0, "percent_statements_covered_display": "0", "num_branches": 0, "num_partial_branches": 0, "covered_branches": 0, "missing_branches": 0, "percent_branches_covered": 100.0, "percent_branches_covered_display": "100"}, "missing_lines": [259, 265, 270, 275], "excluded_lines": [], "start_line": 235, "executed_branches": [], "missing_branches": []}, "validate_certificate": {"executed_lines": [], "summary": {"covered_lines": 0, "num_statements": 29, "percent_covered": 0.0, "percent_covered_display": "0", "missing_lines": 29, "excluded_lines": 0, "percent_statements_covered": 0.0, "percent_statements_covered_display": "0", "num_branches": 8, "num_partial_branches": 0, "covered_branches": 0, "missing_branches": 8, "percent_branches_covered": 0.0, "percent_branches_covered_display": "0"}, "missing_lines": [298, 299, 311, 313, 314, 315, 318, 319, 320, 321, 324, 325, 327, 328, 329, 330, 331, 332, 333, 335, 336, 337, 340, 341, 343, 344, 345, 346, 348], "excluded_lines": [], "start_line": 278, "executed_branches": [], "missing_branches": [[327, 328], [327, 331], [331, 332], [331, 340], [335, 336], [335, 340], [340, 341], [340, 348]]}, "": {"executed_lines": [8, 10, 11, 12, 13, 14, 15, 16, 18, 19, 20, 21, 22, 24, 27, 120, 202, 235, 278], "summary": {"covered_lines": 19, "num_statements": 19, "percent_covered": 100.0, "percent_covered_display": "100", "missing_lines": 0, "excluded_lines": 0, "percent_statements_covered": 100.0, "percent_statements_covered_display": "100", "num_branches": 0, "num_partial_branches": 0, "covered_branches": 0, "missing_branches": 0, "percent_branches_covered": 100.0, "percent_branches_covered_display": "100"}, "missing_lines": [], "excluded_lines": [], "start_line": 1, "executed_branches": [], "missing_branches": []}}, "classes": {"": {"executed_lines": [8, 10, 11, 12, 13, 14, 15, 16, 18, 19, 20, 21, 22, 24, 27, 120, 202, 235, 278], "summary": {"covered_lines": 19, "num_statements": 98, "percent_covered": 16.10169491525424, "percent_covered_display": "16", "missing_lines": 79, "excluded_lines": 0, "percent_statements_covered": 19.387755102040817, "percent_statements_covered_display": "19", "num_branches": 20, "num_partial_branches": 0, "covered_branches": 0, "missing_branches": 20, "percent_branches_covered": 0.0, "percent_branches_covered_display": "0"}, "missing_lines": [47, 54, 65, 83, 84, 86, 88, 89, 92, 99, 101, 106, 108, 110, 111, 112, 113, 114, 116, 117, 150, 151, 154, 157, 158, 159, 160, 161, 163, 164, 167, 168, 173, 174, 175, 176, 177, 178, 181, 191, 194, 195, 196, 197, 199, 225, 259, 265, 270, 275, 298, 299, 311, 313, 314, 315, 318, 319, 320, 321, 324, 325, 327, 328, 329, 330, 331, 332, 333, 335, 336, 337, 340, 341, 343, 344, 345, 346, 348], "excluded_lines": [], "start_line": 1, "executed_branches": [], "missing_branches": [[157, 158], [157, 167], [158, 159], [158, 160], [160, 161], [160, 163], [167, 168], [167, 181], [173, 174], [173, 181], [175, 176], [175, 177], [327, 328], [327, 331], [331, 332], [331, 340], [335, 336], [335, 340], [340, 341], [340, 348]]}}}}, "totals": {"covered_lines": 3343, "num_statements": 4065, "percent_covered": 79.85257985257985, "percent_covered_display": "80", "missing_lines": 722, "excluded_lines": 448, "percent_statements_covered": 82.23862238622387, "percent_statements_covered_display": "82", "num_branches": 1226, "num_partial_branches": 96, "covered_branches": 882, "missing_branches": 344, "percent_branches_covered": 71.94127243066885, "percent_branches_covered_display": "72"}}