{
  "files": {
    "mcp_common/backends/pyobjc.py": {
      "classes": {
        "": {
          "excluded_lines": [
            30,
            31,
            39,
            40,
            43,
            44
          ],
          "executed_branches": [],
          "executed_lines": [
            13,
            14,
            15,
            16,
            18,
            19,
            24,
            34,
            35,
            47,
            55,
            77,
            78,
            86,
            94,
            95,
            105,
            118,
            131,
            160,
            199,
            217,
            241,
            278,
            300,
            337,
            359,
            388,
            409,
            434,
            450,
            466
          ],
          "missing_branches": [],
          "missing_lines": [
            36,
            38
          ],
          "start_line": 1,
          "summary": {
            "covered_branches": 0,
            "covered_lines": 32,
            "excluded_lines": 6,
            "missing_branches": 0,
            "missing_lines": 2,
            "num_branches": 0,
            "num_partial_branches": 0,
            "num_statements": 34,
            "percent_branches_covered": 100.0,
            "percent_branches_covered_display": "100",
            "percent_covered": 94.11764705882354,
            "percent_covered_display": "94",
            "percent_statements_covered": 94.11764705882354,
            "percent_statements_covered_display": "94"
          }
        },
        "PyObjCPromptBackend": {
          "excluded_lines": [],
          "executed_branches": [
            [
              64,
              65
            ],
            [
              64,
              71
            ]
          ],
          "executed_lines": [
            64,
            65,
            71,
            72,
            75,
            84,
            101
          ],
          "missing_branches": [
            [
              110,
              111
            ],
            [
              110,
              116
            ],
            [
              123,
              124
            ],
            [
              123,
              127
            ],
            [
              141,
              142
            ],
            [
              141,
              144
            ],
            [
              174,
              175
            ],
            [
              174,
              178
            ],
            [
              178,
              179
            ],
            [
              178,
              182
            ],
            [
              194,
              195
            ],
            [
              194,
              197
            ],
            [
              255,
              256
            ],
            [
              255,
              258
            ],
            [
              273,
              274
            ],
            [
              273,
              276
            ],
            [
              316,
              317
            ],
            [
              316,
              319
            ],
            [
              328,
              329
            ],
            [
              328,
              333
            ],
            [
              330,
              331
            ],
            [
              330,
              333
            ],
            [
              370,
              371
            ],
            [
              370,
              373
            ],
            [
              378,
              379
            ],
            [
              378,
              382
            ],
            [
              422,
              423
            ],
            [
              422,
              425
            ],
            [
              427,
              428
            ],
            [
              427,
              432
            ],
            [
              459,
              460
            ],
            [
              459,
              463
            ]
          ],
          "missing_lines": [
            92,
            110,
            111,
            116,
            123,
            124,
            125,
            127,
            141,
            142,
            144,
            145,
            155,
            156,
            170,
            171,
            172,
            174,
            175,
            178,
            179,
            182,
            187,
            190,
            193,
            194,
            195,
            197,
            208,
            209,
            211,
            215,
            226,
            227,
            236,
            237,
            250,
            251,
            252,
            255,
            256,
            258,
            260,
            261,
            264,
            267,
            268,
            271,
            273,
            274,
            276,
            286,
            287,
            295,
            296,
            308,
            309,
            310,
            313,
            314,
            316,
            317,
            319,
            322,
            323,
            326,
            328,
            329,
            330,
            331,
            333,
            345,
            346,
            354,
            355,
            367,
            370,
            371,
            373,
            374,
            375,
            378,
            379,
            382,
            384,
            395,
            396,
            403,
            404,
            405,
            416,
            417,
            418,
            419,
            420,
            422,
            423,
            425,
            427,
            428,
            429,
            430,
            432,
            439,
            440,
            445,
            446,
            452,
            453,
            454,
            455,
            457,
            459,
            460,
            461,
            463
          ],
          "start_line": 47,
          "summary": {
            "covered_branches": 2,
            "covered_lines": 7,
            "excluded_lines": 0,
            "missing_branches": 32,
            "missing_lines": 116,
            "num_branches": 34,
            "num_partial_branches": 0,
            "num_statements": 123,
            "percent_branches_covered": 5.882352941176471,
            "percent_branches_covered_display": "6",
            "percent_covered": 5.732484076433121,
            "percent_covered_display": "6",
            "percent_statements_covered": 5.691056910569106,
            "percent_statements_covered_display": "6"
          }
        }
      },
      "excluded_lines": [
        30,
        31,
        39,
        40,
        43,
        44
      ],
      "executed_branches": [
        [
          64,
          65
        ],
        [
          64,
          71
        ]
      ],
      "executed_lines": [
        13,
        14,
        15,
        16,
        18,
        19,
        24,
        34,
        35,
        47,
        55,
        64,
        65,
        71,
        72,
        75,
        77,
        78,
        84,
        86,
        94,
        95,
        101,
        105,
        118,
        131,
        160,
        199,
        217,
        241,
        278,
        300,
        337,
        359,
        388,
        409,
        434,
        450,
        466
      ],
      "functions": {
        "": {
          "excluded_lines": [
            30,
            31,
            39,
            40,
            43,
            44
          ],
          "executed_branches": [],
          "executed_lines": [
            13,
            14,
            15,
            16,
            18,
            19,
            24,
            34,
            35,
            47,
            55,
            77,
            78,
            86,
            94,
            95,
            105,
            118,
            131,
            160,
            199,
            217,
            241,
            278,
            300,
            337,
            359,
            388,
            409,
            434,
            450,
            466
          ],
          "missing_branches": [],
          "missing_lines": [
            36,
            38
          ],
          "start_line": 1,
          "summary": {
            "covered_branches": 0,
            "covered_lines": 32,
            "excluded_lines": 6,
            "missing_branches": 0,
            "missing_lines": 2,
            "num_branches": 0,
            "num_partial_branches": 0,
            "num_statements": 34,
            "percent_branches_covered": 100.0,
            "percent_branches_covered_display": "100",
            "percent_covered": 94.11764705882354,
            "percent_covered_display": "94",
            "percent_statements_covered": 94.11764705882354,
            "percent_statements_covered_display": "94"
          }
        },
        "PyObjCPromptBackend.__init__": {
          "excluded_lines": [],
          "executed_branches": [
            [
              64,
              65
            ],
            [
              64,
              71
            ]
          ],
          "executed_lines": [
            64,
            65,
            71,
            72,
            75
          ],
          "missing_branches": [],
          "missing_lines": [],
          "start_line": 55,
          "summary": {
            "covered_branches": 2,
            "covered_lines": 5,
            "excluded_lines": 0,
            "missing_branches": 0,
            "missing_lines": 0,
            "num_branches": 2,
            "num_partial_branches": 0,
            "num_statements": 5,
            "percent_branches_covered": 100.0,
            "percent_branches_covered_display": "100",
            "percent_covered": 100.0,
            "percent_covered_display": "100",
            "percent_statements_covered": 100.0,
            "percent_statements_covered_display": "100"
          }
        },
        "PyObjCPromptBackend._alert_sync": {
          "excluded_lines": [],
          "executed_branches": [],
          "executed_lines": [],
          "missing_branches": [
            [
              174,
              175
            ],
            [
              174,
              178
            ],
            [
              178,
              179
            ],
            [
              178,
              182
            ],
            [
              194,
              195
            ],
            [
              194,
              197
            ]
          ],
          "missing_lines": [
            170,
            171,
            172,
            174,
            175,
            178,
            179,
            182,
            187,
            190,
            193,
            194,
            195,
            197
          ],
          "start_line": 160,
          "summary": {
            "covered_branches": 0,
            "covered_lines": 0,
            "excluded_lines": 0,
            "missing_branches": 6,
            "missing_lines": 14,
            "num_branches": 6,
            "num_partial_branches": 0,
            "num_statements": 14,
            "percent_branches_covered": 0.0,
            "percent_branches_covered_display": "0",
            "percent_covered": 0.0,
            "percent_covered_display": "0",
            "percent_statements_covered": 0.0,
            "percent_statements_covered_display": "0"
          }
        },
        "PyObjCPromptBackend._notify_sync": {
          "excluded_lines": [],
          "executed_branches": [],
          "executed_lines": [],
          "missing_branches": [
            [
              370,
              371
            ],
            [
              370,
              373
            ],
            [
              378,
              379
            ],
            [
              378,
              382
            ]
          ],
          "missing_lines": [
            367,
            370,
            371,
            373,
            374,
            375,
            378,
            379,
            382,
            384
          ],
          "start_line": 359,
          "summary": {
            "covered_branches": 0,
            "covered_lines": 0,
            "excluded_lines": 0,
            "missing_branches": 4,
            "missing_lines": 10,
            "num_branches": 4,
            "num_partial_branches": 0,
            "num_statements": 10,
            "percent_branches_covered": 0.0,
            "percent_branches_covered_display": "0",
            "percent_covered": 0.0,
            "percent_covered_display": "0",
            "percent_statements_covered": 0.0,
            "percent_statements_covered_display": "0"
          }
        },
        "PyObjCPromptBackend._prompt_choice_sync": {
          "excluded_lines": [],
          "executed_branches": [],
          "executed_lines": [],
          "missing_branches": [
            [
              316,
              317
            ],
            [
              316,
              319
            ],
            [
              328,
              329
            ],
            [
              328,
              333
            ],
            [
              330,
              331
            ],
            [
              330,
              333
            ]
          ],
          "missing_lines": [
            308,
            309,
            310,
            313,
            314,
            316,
            317,
            319,
            322,
            323,
            326,
            328,
            329,
            330,
            331,
            333
          ],
          "start_line": 300,
          "summary": {
            "covered_branches": 0,
            "covered_lines": 0,
            "excluded_lines": 0,
            "missing_branches": 6,
            "missing_lines": 16,
            "num_branches": 6,
            "num_partial_branches": 0,
            "num_statements": 16,
            "percent_branches_covered": 0.0,
            "percent_branches_covered_display": "0",
            "percent_covered": 0.0,
            "percent_covered_display": "0",
            "percent_statements_covered": 0.0,
            "percent_statements_covered_display": "0"
          }
        },
        "PyObjCPromptBackend._prompt_text_sync": {
          "excluded_lines": [],
          "executed_branches": [],
          "executed_lines": [],
          "missing_branches": [
            [
              255,
              256
            ],
            [
              255,
              258
            ],
            [
              273,
              274
            ],
            [
              273,
              276
            ]
          ],
          "missing_lines": [
            250,
            251,
            252,
            255,
            256,
            258,
            260,
            261,
            264,
            267,
            268,
            271,
            273,
            274,
            276
          ],
          "start_line": 241,
          "summary": {
            "covered_branches": 0,
            "covered_lines": 0,
            "excluded_lines": 0,
            "missing_branches": 4,
            "missing_lines": 15,
            "num_branches": 4,
            "num_partial_branches": 0,
            "num_statements": 15,
            "percent_branches_covered": 0.0,
            "percent_branches_covered_display": "0",
            "percent_covered": 0.0,
            "percent_covered_display": "0",
            "percent_statements_covered": 0.0,
            "percent_statements_covered_display": "0"
          }
        },
        "PyObjCPromptBackend._select_directory_sync": {
          "excluded_lines": [],
          "executed_branches": [],
          "executed_lines": [],
          "missing_branches": [
            [
              459,
              460
            ],
            [
              459,
              463
            ]
          ],
          "missing_lines": [
            452,
            453,
            454,
            455,
            457,
            459,
            460,
            461,
            463
          ],
          "start_line": 450,
          "summary": {
            "covered_branches": 0,
            "covered_lines": 0,
            "excluded_lines": 0,
            "missing_branches": 2,
            "missing_lines": 9,
            "num_branches": 2,
            "num_partial_branches": 0,
            "num_statements": 9,
            "percent_branches_covered": 0.0,
            "percent_branches_covered_display": "0",
            "percent_covered": 0.0,
            "percent_covered_display": "0",
            "percent_statements_covered": 0.0,
            "percent_statements_covered_display": "0"
          }
        },
        "PyObjCPromptBackend._select_file_sync": {
          "excluded_lines": [],
          "executed_branches": [],
          "executed_lines": [],
          "missing_branches": [
            [
              422,
              423
            ],
            [
              422,
              425
            ],
            [
              427,
              428
            ],
            [
              427,
              432
            ]
          ],
          "missing_lines": [
            416,
            417,
            418,
            419,
            420,
            422,
            423,
            425,
            427,
            428,
            429,
            430,
            432
          ],
          "start_line": 409,
          "summary": {
            "covered_branches": 0,
            "covered_lines": 0,
            "excluded_lines": 0,
            "missing_branches": 4,
            "missing_lines": 13,
            "num_branches": 4,
            "num_partial_branches": 0,
            "num_statements": 13,
            "percent_branches_covered": 0.0,
            "percent_branches_covered_display": "0",
            "percent_covered": 0.0,
            "percent_covered_display": "0",
            "percent_statements_covered": 0.0,
            "percent_statements_covered_display": "0"
          }
        },
        "PyObjCPromptBackend.alert": {
          "excluded_lines": [],
          "executed_branches": [],
          "executed_lines": [],
          "missing_branches": [
            [
              141,
              142
            ],
            [
              141,
              144
            ]
          ],
          "missing_lines": [
            141,
            142,
            144,
            145,
            155,
            156
          ],
          "start_line": 131,
          "summary": {
            "covered_branches": 0,
            "covered_lines": 0,
            "excluded_lines": 0,
            "missing_branches": 2,
            "missing_lines": 6,
            "num_branches": 2,
            "num_partial_branches": 0,
            "num_statements": 6,
            "percent_branches_covered": 0.0,
            "percent_branches_covered_display": "0",
            "percent_covered": 0.0,
            "percent_covered_display": "0",
            "percent_statements_covered": 0.0,
            "percent_statements_covered_display": "0"
          }
        },
        "PyObjCPromptBackend.backend_name": {
          "excluded_lines": [],
          "executed_branches": [],
          "executed_lines": [
            101
          ],
          "missing_branches": [],
          "missing_lines": [],
          "start_line": 95,
          "summary": {
            "covered_branches": 0,
            "covered_lines": 1,
            "excluded_lines": 0,
            "missing_branches": 0,
            "missing_lines": 0,
            "num_branches": 0,
            "num_partial_branches": 0,
            "num_statements": 1,
            "percent_branches_covered": 100.0,
            "percent_branches_covered_display": "100",
            "percent_covered": 100.0,
            "percent_covered_display": "100",
            "percent_statements_covered": 100.0,
            "percent_statements_covered_display": "100"
          }
        },
        "PyObjCPromptBackend.confirm": {
          "excluded_lines": [],
          "executed_branches": [],
          "executed_lines": [],
          "missing_branches": [],
          "missing_lines": [
            208,
            209,
            211,
            215
          ],
          "start_line": 199,
          "summary": {
            "covered_branches": 0,
            "covered_lines": 0,
            "excluded_lines": 0,
            "missing_branches": 0,
            "missing_lines": 4,
            "num_branches": 0,
            "num_partial_branches": 0,
            "num_statements": 4,
            "percent_branches_covered": 100.0,
            "percent_branches_covered_display": "100",
            "percent_covered": 0.0,
            "percent_covered_display": "0",
            "percent_statements_covered": 0.0,
            "percent_statements_covered_display": "0"
          }
        },
        "PyObjCPromptBackend.initialize": {
          "excluded_lines": [],
          "executed_branches": [],
          "executed_lines": [],
          "missing_branches": [
            [
              110,
              111
            ],
            [
              110,
              116
            ]
          ],
          "missing_lines": [
            110,
            111,
            116
          ],
          "start_line": 105,
          "summary": {
            "covered_branches": 0,
            "covered_lines": 0,
            "excluded_lines": 0,
            "missing_branches": 2,
            "missing_lines": 3,
            "num_branches": 2,
            "num_partial_branches": 0,
            "num_statements": 3,
            "percent_branches_covered": 0.0,
            "percent_branches_covered_display": "0",
            "percent_covered": 0.0,
            "percent_covered_display": "0",
            "percent_statements_covered": 0.0,
            "percent_statements_covered_display": "0"
          }
        },
        "PyObjCPromptBackend.is_available": {
          "excluded_lines": [],
          "executed_branches": [],
          "executed_lines": [],
          "missing_branches": [],
          "missing_lines": [
            92
          ],
          "start_line": 86,
          "summary": {
            "covered_branches": 0,
            "covered_lines": 0,
            "excluded_lines": 0,
            "missing_branches": 0,
            "missing_lines": 1,
            "num_branches": 0,
            "num_partial_branches": 0,
            "num_statements": 1,
            "percent_branches_covered": 100.0,
            "percent_branches_covered_display": "100",
            "percent_covered": 0.0,
            "percent_covered_display": "0",
            "percent_statements_covered": 0.0,
            "percent_statements_covered_display": "0"
          }
        },
        "PyObjCPromptBackend.is_available_static": {
          "excluded_lines": [],
          "executed_branches": [],
          "executed_lines": [
            84
          ],
          "missing_branches": [],
          "missing_lines": [],
          "start_line": 78,
          "summary": {
            "covered_branches": 0,
            "covered_lines": 1,
            "excluded_lines": 0,
            "missing_branches": 0,
            "missing_lines": 0,
            "num_branches": 0,
            "num_partial_branches": 0,
            "num_statements": 1,
            "percent_branches_covered": 100.0,
            "percent_branches_covered_display": "100",
            "percent_covered": 100.0,
            "percent_covered_display": "100",
            "percent_statements_covered": 100.0,
            "percent_statements_covered_display": "100"
          }
        },
        "PyObjCPromptBackend.notify": {
          "excluded_lines": [],
          "executed_branches": [],
          "executed_lines": [],
          "missing_branches": [],
          "missing_lines": [
            345,
            346,
            354,
            355
          ],
          "start_line": 337,
          "summary": {
            "covered_branches": 0,
            "covered_lines": 0,
            "excluded_lines": 0,
            "missing_branches": 0,
            "missing_lines": 4,
            "num_branches": 0,
            "num_partial_branches": 0,
            "num_statements": 4,
            "percent_branches_covered": 100.0,
            "percent_branches_covered_display": "100",
            "percent_covered": 0.0,
            "percent_covered_display": "0",
            "percent_statements_covered": 0.0,
            "percent_statements_covered_display": "0"
          }
        },
        "PyObjCPromptBackend.prompt_choice": {
          "excluded_lines": [],
          "executed_branches": [],
          "executed_lines": [],
          "missing_branches": [],
          "missing_lines": [
            286,
            287,
            295,
            296
          ],
          "start_line": 278,
          "summary": {
            "covered_branches": 0,
            "covered_lines": 0,
            "excluded_lines": 0,
            "missing_branches": 0,
            "missing_lines": 4,
            "num_branches": 0,
            "num_partial_branches": 0,
            "num_statements": 4,
            "percent_branches_covered": 100.0,
            "percent_branches_covered_display": "100",
            "percent_covered": 0.0,
            "percent_covered_display": "0",
            "percent_statements_covered": 0.0,
            "percent_statements_covered_display": "0"
          }
        },
        "PyObjCPromptBackend.prompt_text": {
          "excluded_lines": [],
          "executed_branches": [],
          "executed_lines": [],
          "missing_branches": [],
          "missing_lines": [
            226,
            227,
            236,
            237
          ],
          "start_line": 217,
          "summary": {
            "covered_branches": 0,
            "covered_lines": 0,
            "excluded_lines": 0,
            "missing_branches": 0,
            "missing_lines": 4,
            "num_branches": 0,
            "num_partial_branches": 0,
            "num_statements": 4,
            "percent_branches_covered": 100.0,
            "percent_branches_covered_display": "100",
            "percent_covered": 0.0,
            "percent_covered_display": "0",
            "percent_statements_covered": 0.0,
            "percent_statements_covered_display": "0"
          }
        },
        "PyObjCPromptBackend.select_directory": {
          "excluded_lines": [],
          "executed_branches": [],
          "executed_lines": [],
          "missing_branches": [],
          "missing_lines": [
            439,
            440,
            445,
            446
          ],
          "start_line": 434,
          "summary": {
            "covered_branches": 0,
            "covered_lines": 0,
            "excluded_lines": 0,
            "missing_branches": 0,
            "missing_lines": 4,
            "num_branches": 0,
            "num_partial_branches": 0,
            "num_statements": 4,
            "percent_branches_covered": 100.0,
            "percent_branches_covered_display": "100",
            "percent_covered": 0.0,
            "percent_covered_display": "0",
            "percent_statements_covered": 0.0,
            "percent_statements_covered_display": "0"
          }
        },
        "PyObjCPromptBackend.select_file": {
          "excluded_lines": [],
          "executed_branches": [],
          "executed_lines": [],
          "missing_branches": [],
          "missing_lines": [
            395,
            396,
            403,
            404,
            405
          ],
          "start_line": 388,
          "summary": {
            "covered_branches": 0,
            "covered_lines": 0,
            "excluded_lines": 0,
            "missing_branches": 0,
            "missing_lines": 5,
            "num_branches": 0,
            "num_partial_branches": 0,
            "num_statements": 5,
            "percent_branches_covered": 100.0,
            "percent_branches_covered_display": "100",
            "percent_covered": 0.0,
            "percent_covered_display": "0",
            "percent_statements_covered": 0.0,
            "percent_statements_covered_display": "0"
          }
        },
        "PyObjCPromptBackend.shutdown": {
          "excluded_lines": [],
          "executed_branches": [],
          "executed_lines": [],
          "missing_branches": [
            [
              123,
              124
            ],
            [
              123,
              127
            ]
          ],
          "missing_lines": [
            123,
            124,
            125,
            127
          ],
          "start_line": 118,
          "summary": {
            "covered_branches": 0,
            "covered_lines": 0,
            "excluded_lines": 0,
            "missing_branches": 2,
            "missing_lines": 4,
            "num_branches": 2,
            "num_partial_branches": 0,
            "num_statements": 4,
            "percent_branches_covered": 0.0,
            "percent_branches_covered_display": "0",
            "percent_covered": 0.0,
            "percent_covered_display": "0",
            "percent_statements_covered": 0.0,
            "percent_statements_covered_display": "0"
          }
        }
      },
      "missing_branches": [
        [
          110,
          111
        ],
        [
          110,
          116
        ],
        [
          123,
          124
        ],
        [
          123,
          127
        ],
        [
          141,
          142
        ],
        [
          141,
          144
        ],
        [
          174,
          175
        ],
        [
          174,
          178
        ],
        [
          178,
          179
        ],
        [
          178,
          182
        ],
        [
          194,
          195
        ],
        [
          194,
          197
        ],
        [
          255,
          256
        ],
        [
          255,
          258
        ],
        [
          273,
          274
        ],
        [
          273,
          276
        ],
        [
          316,
          317
        ],
        [
          316,
          319
        ],
        [
          328,
          329
        ],
        [
          328,
          333
        ],
        [
          330,
          331
        ],
        [
          330,
          333
        ],
        [
          370,
          371
        ],
        [
          370,
          373
        ],
        [
          378,
          379
        ],
        [
          378,
          382
        ],
        [
          422,
          423
        ],
        [
          422,
          425
        ],
        [
          427,
          428
        ],
        [
          427,
          432
        ],
        [
          459,
          460
        ],
        [
          459,
          463
        ]
      ],
      "missing_lines": [
        36,
        38,
        92,
        110,
        111,
        116,
        123,
        124,
        125,
        127,
        141,
        142,
        144,
        145,
        155,
        156,
        170,
        171,
        172,
        174,
        175,
        178,
        179,
        182,
        187,
        190,
        193,
        194,
        195,
        197,
        208,
        209,
        211,
        215,
        226,
        227,
        236,
        237,
        250,
        251,
        252,
        255,
        256,
        258,
        260,
        261,
        264,
        267,
        268,
        271,
        273,
        274,
        276,
        286,
        287,
        295,
        296,
        308,
        309,
        310,
        313,
        314,
        316,
        317,
        319,
        322,
        323,
        326,
        328,
        329,
        330,
        331,
        333,
        345,
        346,
        354,
        355,
        367,
        370,
        371,
        373,
        374,
        375,
        378,
        379,
        382,
        384,
        395,
        396,
        403,
        404,
        405,
        416,
        417,
        418,
        419,
        420,
        422,
        423,
        425,
        427,
        428,
        429,
        430,
        432,
        439,
        440,
        445,
        446,
        452,
        453,
        454,
        455,
        457,
        459,
        460,
        461,
        463
      ],
      "summary": {
        "covered_branches": 2,
        "covered_lines": 39,
        "excluded_lines": 6,
        "missing_branches": 32,
        "missing_lines": 118,
        "num_branches": 34,
        "num_partial_branches": 0,
        "num_statements": 157,
        "percent_branches_covered": 5.882352941176471,
        "percent_branches_covered_display": "6",
        "percent_covered": 21.465968586387433,
        "percent_covered_display": "21",
        "percent_statements_covered": 24.840764331210192,
        "percent_statements_covered_display": "25"
      }
    },
    "mcp_common/backends/toolkit.py": {
      "classes": {
        "": {
          "excluded_lines": [
            27,
            28,
            37,
            38,
            41,
            42,
            43
          ],
          "executed_branches": [],
          "executed_lines": [
            15,
            17,
            18,
            21,
            31,
            32,
            33,
            34,
            36,
            46,
            59,
            80,
            81,
            89,
            97,
            98,
            108,
            116,
            126,
            168,
            195,
            228,
            272,
            302,
            350,
            382
          ],
          "missing_branches": [],
          "missing_lines": [],
          "start_line": 1,
          "summary": {
            "covered_branches": 0,
            "covered_lines": 26,
            "excluded_lines": 7,
            "missing_branches": 0,
            "missing_lines": 0,
            "num_branches": 0,
            "num_partial_branches": 0,
            "num_statements": 26,
            "percent_branches_covered": 100.0,
            "percent_branches_covered_display": "100",
            "percent_covered": 100.0,
            "percent_covered_display": "100",
            "percent_statements_covered": 100.0,
            "percent_statements_covered_display": "100"
          }
        },
        "PromptToolkitBackend": {
          "excluded_lines": [
            210
          ],
          "executed_branches": [
            [
              68,
              69
            ],
            [
              68,
              77
            ],
            [
              139,
              140
            ],
            [
              139,
              142
            ],
            [
              142,
              144
            ],
            [
              142,
              155
            ],
            [
              150,
              152
            ],
            [
              184,
              185
            ],
            [
              184,
              187
            ],
            [
              206,
              207
            ],
            [
              206,
              209
            ],
            [
              209,
              211
            ],
            [
              209,
              217
            ],
            [
              219,
              222
            ],
            [
              238,
              239
            ],
            [
              238,
              245
            ],
            [
              240,
              241
            ],
            [
              240,
              242
            ],
            [
              249,
              250
            ],
            [
              249,
              255
            ],
            [
              250,
              251
            ],
            [
              255,
              256
            ],
            [
              257,
              258
            ],
            [
              311,
              312
            ],
            [
              311,
              314
            ],
            [
              315,
              316
            ],
            [
              315,
              318
            ],
            [
              324,
              325
            ],
            [
              324,
              328
            ],
            [
              331,
              332
            ],
            [
              331,
              334
            ],
            [
              337,
              338
            ],
            [
              337,
              341
            ],
            [
              338,
              339
            ],
            [
              363,
              364
            ],
            [
              363,
              366
            ],
            [
              369,
              370
            ]
          ],
          "executed_lines": [
            68,
            69,
            71,
            77,
            78,
            87,
            95,
            104,
            136,
            138,
            139,
            140,
            142,
            144,
            150,
            152,
            155,
            157,
            158,
            159,
            160,
            161,
            163,
            164,
            177,
            178,
            181,
            184,
            185,
            187,
            189,
            191,
            193,
            204,
            205,
            206,
            207,
            209,
            211,
            217,
            219,
            222,
            224,
            226,
            236,
            238,
            239,
            240,
            241,
            242,
            245,
            246,
            247,
            249,
            250,
            251,
            255,
            256,
            257,
            258,
            263,
            264,
            280,
            282,
            289,
            292,
            294,
            309,
            310,
            311,
            312,
            314,
            315,
            316,
            318,
            324,
            325,
            328,
            331,
            332,
            334,
            337,
            338,
            339,
            341,
            355,
            356,
            357,
            363,
            364,
            366,
            368,
            369,
            370,
            372
          ],
          "missing_branches": [
            [
              150,
              151
            ],
            [
              219,
              220
            ],
            [
              250,
              252
            ],
            [
              255,
              259
            ],
            [
              257,
              262
            ],
            [
              259,
              260
            ],
            [
              259,
              262
            ],
            [
              338,
              337
            ],
            [
              369,
              372
            ]
          ],
          "missing_lines": [
            114,
            122,
            151,
            220,
            252,
            259,
            260,
            262,
            266,
            268,
            296,
            298,
            343,
            344,
            374,
            375
          ],
          "start_line": 46,
          "summary": {
            "covered_branches": 37,
            "covered_lines": 95,
            "excluded_lines": 1,
            "missing_branches": 9,
            "missing_lines": 16,
            "num_branches": 46,
            "num_partial_branches": 7,
            "num_statements": 111,
            "percent_branches_covered": 80.43478260869566,
            "percent_branches_covered_display": "80",
            "percent_covered": 84.07643312101911,
            "percent_covered_display": "84",
            "percent_statements_covered": 85.58558558558559,
            "percent_statements_covered_display": "86"
          }
        }
      },
      "excluded_lines": [
        27,
        28,
        37,
        38,
        41,
        42,
        43,
        210
      ],
      "executed_branches": [
        [
          68,
          69
        ],
        [
          68,
          77
        ],
        [
          139,
          140
        ],
        [
          139,
          142
        ],
        [
          142,
          144
        ],
        [
          142,
          155
        ],
        [
          150,
          152
        ],
        [
          184,
          185
        ],
        [
          184,
          187
        ],
        [
          206,
          207
        ],
        [
          206,
          209
        ],
        [
          209,
          211
        ],
        [
          209,
          217
        ],
        [
          219,
          222
        ],
        [
          238,
          239
        ],
        [
          238,
          245
        ],
        [
          240,
          241
        ],
        [
          240,
          242
        ],
        [
          249,
          250
        ],
        [
          249,
          255
        ],
        [
          250,
          251
        ],
        [
          255,
          256
        ],
        [
          257,
          258
        ],
        [
          311,
          312
        ],
        [
          311,
          314
        ],
        [
          315,
          316
        ],
        [
          315,
          318
        ],
        [
          324,
          325
        ],
        [
          324,
          328
        ],
        [
          331,
          332
        ],
        [
          331,
          334
        ],
        [
          337,
          338
        ],
        [
          337,
          341
        ],
        [
          338,
          339
        ],
        [
          363,
          364
        ],
        [
          363,
          366
        ],
        [
          369,
          370
        ]
      ],
      "executed_lines": [
        15,
        17,
        18,
        21,
        31,
        32,
        33,
        34,
        36,
        46,
        59,
        68,
        69,
        71,
        77,
        78,
        80,
        81,
        87,
        89,
        95,
        97,
        98,
        104,
        108,
        116,
        126,
        136,
        138,
        139,
        140,
        142,
        144,
        150,
        152,
        155,
        157,
        158,
        159,
        160,
        161,
        163,
        164,
        168,
        177,
        178,
        181,
        184,
        185,
        187,
        189,
        191,
        193,
        195,
        204,
        205,
        206,
        207,
        209,
        211,
        217,
        219,
        222,
        224,
        226,
        228,
        236,
        238,
        239,
        240,
        241,
        242,
        245,
        246,
        247,
        249,
        250,
        251,
        255,
        256,
        257,
        258,
        263,
        264,
        272,
        280,
        282,
        289,
        292,
        294,
        302,
        309,
        310,
        311,
        312,
        314,
        315,
        316,
        318,
        324,
        325,
        328,
        331,
        332,
        334,
        337,
        338,
        339,
        341,
        350,
        355,
        356,
        357,
        363,
        364,
        366,
        368,
        369,
        370,
        372,
        382
      ],
      "functions": {
        "": {
          "excluded_lines": [
            27,
            28,
            37,
            38,
            41,
            42,
            43
          ],
          "executed_branches": [],
          "executed_lines": [
            15,
            17,
            18,
            21,
            31,
            32,
            33,
            34,
            36,
            46,
            59,
            80,
            81,
            89,
            97,
            98,
            108,
            116,
            126,
            168,
            195,
            228,
            272,
            302,
            350,
            382
          ],
          "missing_branches": [],
          "missing_lines": [],
          "start_line": 1,
          "summary": {
            "covered_branches": 0,
            "covered_lines": 26,
            "excluded_lines": 7,
            "missing_branches": 0,
            "missing_lines": 0,
            "num_branches": 0,
            "num_partial_branches": 0,
            "num_statements": 26,
            "percent_branches_covered": 100.0,
            "percent_branches_covered_display": "100",
            "percent_covered": 100.0,
            "percent_covered_display": "100",
            "percent_statements_covered": 100.0,
            "percent_statements_covered_display": "100"
          }
        },
        "PromptToolkitBackend.__init__": {
          "excluded_lines": [],
          "executed_branches": [
            [
              68,
              69
            ],
            [
              68,
              77
            ]
          ],
          "executed_lines": [
            68,
            69,
            71,
            77,
            78
          ],
          "missing_branches": [],
          "missing_lines": [],
          "start_line": 59,
          "summary": {
            "covered_branches": 2,
            "covered_lines": 5,
            "excluded_lines": 0,
            "missing_branches": 0,
            "missing_lines": 0,
            "num_branches": 2,
            "num_partial_branches": 0,
            "num_statements": 5,
            "percent_branches_covered": 100.0,
            "percent_branches_covered_display": "100",
            "percent_covered": 100.0,
            "percent_covered_display": "100",
            "percent_statements_covered": 100.0,
            "percent_statements_covered_display": "100"
          }
        },
        "PromptToolkitBackend.alert": {
          "excluded_lines": [],
          "executed_branches": [
            [
              139,
              140
            ],
            [
              139,
              142
            ],
            [
              142,
              144
            ],
            [
              142,
              155
            ],
            [
              150,
              152
            ]
          ],
          "executed_lines": [
            136,
            138,
            139,
            140,
            142,
            144,
            150,
            152,
            155,
            157,
            158,
            159,
            160,
            161,
            163,
            164
          ],
          "missing_branches": [
            [
              150,
              151
            ]
          ],
          "missing_lines": [
            151
          ],
          "start_line": 126,
          "summary": {
            "covered_branches": 5,
            "covered_lines": 16,
            "excluded_lines": 0,
            "missing_branches": 1,
            "missing_lines": 1,
            "num_branches": 6,
            "num_partial_branches": 1,
            "num_statements": 17,
            "percent_branches_covered": 83.33333333333333,
            "percent_branches_covered_display": "83",
            "percent_covered": 91.30434782608695,
            "percent_covered_display": "91",
            "percent_statements_covered": 94.11764705882354,
            "percent_statements_covered_display": "94"
          }
        },
        "PromptToolkitBackend.backend_name": {
          "excluded_lines": [],
          "executed_branches": [],
          "executed_lines": [
            104
          ],
          "missing_branches": [],
          "missing_lines": [],
          "start_line": 98,
          "summary": {
            "covered_branches": 0,
            "covered_lines": 1,
            "excluded_lines": 0,
            "missing_branches": 0,
            "missing_lines": 0,
            "num_branches": 0,
            "num_partial_branches": 0,
            "num_statements": 1,
            "percent_branches_covered": 100.0,
            "percent_branches_covered_display": "100",
            "percent_covered": 100.0,
            "percent_covered_display": "100",
            "percent_statements_covered": 100.0,
            "percent_statements_covered_display": "100"
          }
        },
        "PromptToolkitBackend.confirm": {
          "excluded_lines": [],
          "executed_branches": [
            [
              184,
              185
            ],
            [
              184,
              187
            ]
          ],
          "executed_lines": [
            177,
            178,
            181,
            184,
            185,
            187,
            189,
            191,
            193
          ],
          "missing_branches": [],
          "missing_lines": [],
          "start_line": 168,
          "summary": {
            "covered_branches": 2,
            "covered_lines": 9,
            "excluded_lines": 0,
            "missing_branches": 0,
            "missing_lines": 0,
            "num_branches": 2,
            "num_partial_branches": 0,
            "num_statements": 9,
            "percent_branches_covered": 100.0,
            "percent_branches_covered_display": "100",
            "percent_covered": 100.0,
            "percent_covered_display": "100",
            "percent_statements_covered": 100.0,
            "percent_statements_covered_display": "100"
          }
        },
        "PromptToolkitBackend.initialize": {
          "excluded_lines": [],
          "executed_branches": [],
          "executed_lines": [],
          "missing_branches": [],
          "missing_lines": [
            114
          ],
          "start_line": 108,
          "summary": {
            "covered_branches": 0,
            "covered_lines": 0,
            "excluded_lines": 0,
            "missing_branches": 0,
            "missing_lines": 1,
            "num_branches": 0,
            "num_partial_branches": 0,
            "num_statements": 1,
            "percent_branches_covered": 100.0,
            "percent_branches_covered_display": "100",
            "percent_covered": 0.0,
            "percent_covered_display": "0",
            "percent_statements_covered": 0.0,
            "percent_statements_covered_display": "0"
          }
        },
        "PromptToolkitBackend.is_available": {
          "excluded_lines": [],
          "executed_branches": [],
          "executed_lines": [
            95
          ],
          "missing_branches": [],
          "missing_lines": [],
          "start_line": 89,
          "summary": {
            "covered_branches": 0,
            "covered_lines": 1,
            "excluded_lines": 0,
            "missing_branches": 0,
            "missing_lines": 0,
            "num_branches": 0,
            "num_partial_branches": 0,
            "num_statements": 1,
            "percent_branches_covered": 100.0,
            "percent_branches_covered_display": "100",
            "percent_covered": 100.0,
            "percent_covered_display": "100",
            "percent_statements_covered": 100.0,
            "percent_statements_covered_display": "100"
          }
        },
        "PromptToolkitBackend.is_available_static": {
          "excluded_lines": [],
          "executed_branches": [],
          "executed_lines": [
            87
          ],
          "missing_branches": [],
          "missing_lines": [],
          "start_line": 81,
          "summary": {
            "covered_branches": 0,
            "covered_lines": 1,
            "excluded_lines": 0,
            "missing_branches": 0,
            "missing_lines": 0,
            "num_branches": 0,
            "num_partial_branches": 0,
            "num_statements": 1,
            "percent_branches_covered": 100.0,
            "percent_branches_covered_display": "100",
            "percent_covered": 100.0,
            "percent_covered_display": "100",
            "percent_statements_covered": 100.0,
            "percent_statements_covered_display": "100"
          }
        },
        "PromptToolkitBackend.notify": {
          "excluded_lines": [],
          "executed_branches": [],
          "executed_lines": [
            280,
            282,
            289,
            292,
            294
          ],
          "missing_branches": [],
          "missing_lines": [
            296,
            298
          ],
          "start_line": 272,
          "summary": {
            "covered_branches": 0,
            "covered_lines": 5,
            "excluded_lines": 0,
            "missing_branches": 0,
            "missing_lines": 2,
            "num_branches": 0,
            "num_partial_branches": 0,
            "num_statements": 7,
            "percent_branches_covered": 100.0,
            "percent_branches_covered_display": "100",
            "percent_covered": 71.42857142857143,
            "percent_covered_display": "71",
            "percent_statements_covered": 71.42857142857143,
            "percent_statements_covered_display": "71"
          }
        },
        "PromptToolkitBackend.prompt_choice": {
          "excluded_lines": [],
          "executed_branches": [
            [
              238,
              239
            ],
            [
              238,
              245
            ],
            [
              240,
              241
            ],
            [
              240,
              242
            ],
            [
              249,
              250
            ],
            [
              249,
              255
            ],
            [
              250,
              251
            ],
            [
              255,
              256
            ],
            [
              257,
              258
            ]
          ],
          "executed_lines": [
            236,
            238,
            239,
            240,
            241,
            242,
            245,
            246,
            247,
            249,
            250,
            251,
            255,
            256,
            257,
            258,
            263,
            264
          ],
          "missing_branches": [
            [
              250,
              252
            ],
            [
              255,
              259
            ],
            [
              257,
              262
            ],
            [
              259,
              260
            ],
            [
              259,
              262
            ]
          ],
          "missing_lines": [
            252,
            259,
            260,
            262,
            266,
            268
          ],
          "start_line": 228,
          "summary": {
            "covered_branches": 9,
            "covered_lines": 18,
            "excluded_lines": 0,
            "missing_branches": 5,
            "missing_lines": 6,
            "num_branches": 14,
            "num_partial_branches": 3,
            "num_statements": 24,
            "percent_branches_covered": 64.28571428571429,
            "percent_branches_covered_display": "64",
            "percent_covered": 71.05263157894737,
            "percent_covered_display": "71",
            "percent_statements_covered": 75.0,
            "percent_statements_covered_display": "75"
          }
        },
        "PromptToolkitBackend.prompt_text": {
          "excluded_lines": [
            210
          ],
          "executed_branches": [
            [
              206,
              207
            ],
            [
              206,
              209
            ],
            [
              209,
              211
            ],
            [
              209,
              217
            ],
            [
              219,
              222
            ]
          ],
          "executed_lines": [
            204,
            205,
            206,
            207,
            209,
            211,
            217,
            219,
            222,
            224,
            226
          ],
          "missing_branches": [
            [
              219,
              220
            ]
          ],
          "missing_lines": [
            220
          ],
          "start_line": 195,
          "summary": {
            "covered_branches": 5,
            "covered_lines": 11,
            "excluded_lines": 1,
            "missing_branches": 1,
            "missing_lines": 1,
            "num_branches": 6,
            "num_partial_branches": 1,
            "num_statements": 12,
            "percent_branches_covered": 83.33333333333333,
            "percent_branches_covered_display": "83",
            "percent_covered": 88.88888888888889,
            "percent_covered_display": "89",
            "percent_statements_covered": 91.66666666666667,
            "percent_statements_covered_display": "92"
          }
        },
        "PromptToolkitBackend.select_directory": {
          "excluded_lines": [],
          "executed_branches": [
            [
              363,
              364
            ],
            [
              363,
              366
            ],
            [
              369,
              370
            ]
          ],
          "executed_lines": [
            355,
            356,
            357,
            363,
            364,
            366,
            368,
            369,
            370,
            372
          ],
          "missing_branches": [
            [
              369,
              372
            ]
          ],
          "missing_lines": [
            374,
            375
          ],
          "start_line": 350,
          "summary": {
            "covered_branches": 3,
            "covered_lines": 10,
            "excluded_lines": 0,
            "missing_branches": 1,
            "missing_lines": 2,
            "num_branches": 4,
            "num_partial_branches": 1,
            "num_statements": 12,
            "percent_branches_covered": 75.0,
            "percent_branches_covered_display": "75",
            "percent_covered": 81.25,
            "percent_covered_display": "81",
            "percent_statements_covered": 83.33333333333333,
            "percent_statements_covered_display": "83"
          }
        },
        "PromptToolkitBackend.select_file": {
          "excluded_lines": [],
          "executed_branches": [
            [
              311,
              312
            ],
            [
              311,
              314
            ],
            [
              315,
              316
            ],
            [
              315,
              318
            ],
            [
              324,
              325
            ],
            [
              324,
              328
            ],
            [
              331,
              332
            ],
            [
              331,
              334
            ],
            [
              337,
              338
            ],
            [
              337,
              341
            ],
            [
              338,
              339
            ]
          ],
          "executed_lines": [
            309,
            310,
            311,
            312,
            314,
            315,
            316,
            318,
            324,
            325,
            328,
            331,
            332,
            334,
            337,
            338,
            339,
            341
          ],
          "missing_branches": [
            [
              338,
              337
            ]
          ],
          "missing_lines": [
            343,
            344
          ],
          "start_line": 302,
          "summary": {
            "covered_branches": 11,
            "covered_lines": 18,
            "excluded_lines": 0,
            "missing_branches": 1,
            "missing_lines": 2,
            "num_branches": 12,
            "num_partial_branches": 1,
            "num_statements": 20,
            "percent_branches_covered": 91.66666666666667,
            "percent_branches_covered_display": "92",
            "percent_covered": 90.625,
            "percent_covered_display": "91",
            "percent_statements_covered": 90.0,
            "percent_statements_covered_display": "90"
          }
        },
        "PromptToolkitBackend.shutdown": {
          "excluded_lines": [],
          "executed_branches": [],
          "executed_lines": [],
          "missing_branches": [],
          "missing_lines": [
            122
          ],
          "start_line": 116,
          "summary": {
            "covered_branches": 0,
            "covered_lines": 0,
            "excluded_lines": 0,
            "missing_branches": 0,
            "missing_lines": 1,
            "num_branches": 0,
            "num_partial_branches": 0,
            "num_statements": 1,
            "percent_branches_covered": 100.0,
            "percent_branches_covered_display": "100",
            "percent_covered": 0.0,
            "percent_covered_display": "0",
            "percent_statements_covered": 0.0,
            "percent_statements_covered_display": "0"
          }
        }
      },
      "missing_branches": [
        [
          150,
          151
        ],
        [
          219,
          220
        ],
        [
          250,
          252
        ],
        [
          255,
          259
        ],
        [
          257,
          262
        ],
        [
          259,
          260
        ],
        [
          259,
          262
        ],
        [
          338,
          337
        ],
        [
          369,
          372
        ]
      ],
      "missing_lines": [
        114,
        122,
        151,
        220,
        252,
        259,
        260,
        262,
        266,
        268,
        296,
        298,
        343,
        344,
        374,
        375
      ],
      "summary": {
        "covered_branches": 37,
        "covered_lines": 121,
        "excluded_lines": 8,
        "missing_branches": 9,
        "missing_lines": 16,
        "num_branches": 46,
        "num_partial_branches": 7,
        "num_statements": 137,
        "percent_branches_covered": 80.43478260869566,
        "percent_branches_covered_display": "80",
        "percent_covered": 86.33879781420765,
        "percent_covered_display": "86",
        "percent_statements_covered": 88.32116788321167,
        "percent_statements_covered_display": "88"
      }
    },
    "mcp_common/cli/factory.py": {
      "classes": {
        "": {
          "excluded_lines": [
            51
          ],
          "executed_branches": [],
          "executed_lines": [
            7,
            8,
            9,
            10,
            11,
            12,
            13,
            14,
            16,
            17,
            19,
            26,
            32,
            33,
            36,
            39,
            40,
            41,
            42,
            43,
            44,
            45,
            46,
            47,
            50,
            86,
            87,
            259,
            287,
            330,
            367,
            383,
            430,
            444,
            463,
            478,
            494,
            545,
            575,
            590,
            608,
            629,
            649,
            675,
            685,
            701,
            717,
            732,
            737,
            766,
            775,
            800,
            814
          ],
          "missing_branches": [],
          "missing_lines": [],
          "start_line": 1,
          "summary": {
            "covered_branches": 0,
            "covered_lines": 53,
            "excluded_lines": 1,
            "missing_branches": 0,
            "missing_lines": 0,
            "num_branches": 0,
            "num_partial_branches": 0,
            "num_statements": 53,
            "percent_branches_covered": 100.0,
            "percent_branches_covered_display": "100",
            "percent_covered": 100.0,
            "percent_covered_display": "100",
            "percent_statements_covered": 100.0,
            "percent_statements_covered_display": "100"
          }
        },
        "ExitCode": {
          "excluded_lines": [],
          "executed_branches": [],
          "executed_lines": [],
          "missing_branches": [],
          "missing_lines": [],
          "start_line": 36,
          "summary": {
            "covered_branches": 0,
            "covered_lines": 0,
            "excluded_lines": 0,
            "missing_branches": 0,
            "missing_lines": 0,
            "num_branches": 0,
            "num_partial_branches": 0,
            "num_statements": 0,
            "percent_branches_covered": 100.0,
            "percent_branches_covered_display": "100",
            "percent_covered": 100.0,
            "percent_covered_display": "100",
            "percent_statements_covered": 100.0,
            "percent_statements_covered_display": "100"
          }
        },
        "MCPServerCLIFactory": {
          "excluded_lines": [
            96
          ],
          "executed_branches": [
            [
              300,
              301
            ],
            [
              300,
              303
            ],
            [
              308,
              321
            ],
            [
              342,
              343
            ],
            [
              342,
              345
            ],
            [
              349,
              350
            ],
            [
              349,
              352
            ],
            [
              354,
              356
            ],
            [
              354,
              365
            ],
            [
              356,
              357
            ],
            [
              356,
              359
            ],
            [
              389,
              390
            ],
            [
              389,
              400
            ],
            [
              406,
              -383
            ],
            [
              406,
              407
            ],
            [
              407,
              408
            ],
            [
              407,
              421
            ],
            [
              457,
              -447
            ],
            [
              457,
              458
            ],
            [
              465,
              466
            ],
            [
              465,
              473
            ],
            [
              466,
              467
            ],
            [
              466,
              471
            ],
            [
              473,
              474
            ],
            [
              473,
              476
            ],
            [
              498,
              499
            ],
            [
              498,
              509
            ],
            [
              499,
              500
            ],
            [
              499,
              506
            ],
            [
              512,
              513
            ],
            [
              512,
              523
            ],
            [
              528,
              529
            ],
            [
              528,
              543
            ],
            [
              529,
              530
            ],
            [
              529,
              540
            ],
            [
              550,
              551
            ],
            [
              550,
              554
            ],
            [
              557,
              558
            ],
            [
              557,
              564
            ],
            [
              569,
              570
            ],
            [
              569,
              573
            ],
            [
              578,
              579
            ],
            [
              578,
              588
            ],
            [
              579,
              580
            ],
            [
              579,
              587
            ],
            [
              580,
              581
            ],
            [
              580,
              585
            ],
            [
              592,
              593
            ],
            [
              592,
              595
            ],
            [
              595,
              596
            ],
            [
              595,
              605
            ],
            [
              613,
              614
            ],
            [
              613,
              616
            ],
            [
              619,
              620
            ],
            [
              619,
              626
            ],
            [
              643,
              644
            ],
            [
              643,
              647
            ],
            [
              652,
              653
            ],
            [
              652,
              657
            ],
            [
              653,
              654
            ],
            [
              653,
              655
            ],
            [
              657,
              658
            ],
            [
              657,
              661
            ],
            [
              661,
              662
            ],
            [
              661,
              672
            ],
            [
              677,
              678
            ],
            [
              677,
              682
            ],
            [
              687,
              688
            ],
            [
              687,
              698
            ],
            [
              703,
              704
            ],
            [
              703,
              714
            ],
            [
              721,
              722
            ],
            [
              721,
              724
            ],
            [
              734,
              -732
            ],
            [
              734,
              735
            ],
            [
              747,
              748
            ],
            [
              747,
              760
            ],
            [
              761,
              762
            ],
            [
              761,
              764
            ],
            [
              768,
              769
            ],
            [
              768,
              773
            ],
            [
              779,
              780
            ],
            [
              779,
              783
            ],
            [
              787,
              788
            ],
            [
              787,
              789
            ],
            [
              792,
              793
            ],
            [
              792,
              795
            ],
            [
              797,
              -775
            ],
            [
              797,
              798
            ]
          ],
          "executed_lines": [
            279,
            280,
            281,
            282,
            283,
            284,
            285,
            300,
            301,
            303,
            308,
            321,
            322,
            323,
            324,
            325,
            327,
            328,
            342,
            343,
            345,
            346,
            347,
            349,
            350,
            351,
            352,
            354,
            356,
            357,
            358,
            359,
            365,
            377,
            378,
            379,
            380,
            381,
            386,
            387,
            388,
            389,
            390,
            400,
            401,
            404,
            406,
            407,
            408,
            411,
            421,
            423,
            428,
            433,
            434,
            437,
            441,
            442,
            447,
            450,
            451,
            452,
            455,
            457,
            458,
            460,
            461,
            465,
            466,
            467,
            471,
            472,
            473,
            474,
            476,
            491,
            492,
            496,
            498,
            499,
            500,
            506,
            507,
            509,
            510,
            511,
            512,
            513,
            523,
            524,
            527,
            528,
            529,
            530,
            540,
            541,
            543,
            550,
            551,
            554,
            555,
            556,
            557,
            558,
            564,
            565,
            566,
            569,
            570,
            573,
            577,
            578,
            579,
            580,
            581,
            585,
            586,
            587,
            588,
            592,
            593,
            595,
            596,
            605,
            606,
            610,
            611,
            612,
            613,
            614,
            616,
            617,
            618,
            619,
            620,
            626,
            627,
            641,
            643,
            644,
            647,
            651,
            652,
            653,
            654,
            655,
            657,
            658,
            659,
            661,
            662,
            672,
            673,
            677,
            678,
            682,
            683,
            687,
            688,
            698,
            699,
            703,
            704,
            714,
            715,
            719,
            721,
            722,
            724,
            725,
            726,
            727,
            734,
            735,
            744,
            745,
            747,
            748,
            758,
            760,
            761,
            762,
            764,
            768,
            769,
            770,
            771,
            773,
            779,
            780,
            781,
            783,
            784,
            785,
            786,
            787,
            788,
            789,
            790,
            791,
            792,
            793,
            795,
            797,
            798,
            807,
            808,
            809,
            810,
            812,
            822,
            823,
            825
          ],
          "missing_branches": [
            [
              190,
              191
            ],
            [
              190,
              193
            ],
            [
              197,
              198
            ],
            [
              197,
              200
            ],
            [
              215,
              -211
            ],
            [
              215,
              217
            ],
            [
              226,
              228
            ],
            [
              226,
              234
            ],
            [
              234,
              236
            ],
            [
              234,
              244
            ],
            [
              308,
              310
            ]
          ],
          "missing_lines": [
            176,
            177,
            179,
            184,
            187,
            190,
            191,
            193,
            197,
            198,
            200,
            201,
            202,
            204,
            211,
            215,
            217,
            219,
            224,
            226,
            228,
            234,
            236,
            239,
            244,
            250,
            310,
            311,
            314,
            315,
            316,
            317,
            318,
            729,
            730
          ],
          "start_line": 50,
          "summary": {
            "covered_branches": 89,
            "covered_lines": 213,
            "excluded_lines": 1,
            "missing_branches": 11,
            "missing_lines": 35,
            "num_branches": 100,
            "num_partial_branches": 1,
            "num_statements": 248,
            "percent_branches_covered": 89.0,
            "percent_branches_covered_display": "89",
            "percent_covered": 86.7816091954023,
            "percent_covered_display": "87",
            "percent_statements_covered": 85.88709677419355,
            "percent_statements_covered_display": "86"
          }
        }
      },
      "excluded_lines": [
        51,
        96
      ],
      "executed_branches": [
        [
          300,
          301
        ],
        [
          300,
          303
        ],
        [
          308,
          321
        ],
        [
          342,
          343
        ],
        [
          342,
          345
        ],
        [
          349,
          350
        ],
        [
          349,
          352
        ],
        [
          354,
          356
        ],
        [
          354,
          365
        ],
        [
          356,
          357
        ],
        [
          356,
          359
        ],
        [
          389,
          390
        ],
        [
          389,
          400
        ],
        [
          406,
          -383
        ],
        [
          406,
          407
        ],
        [
          407,
          408
        ],
        [
          407,
          421
        ],
        [
          457,
          -447
        ],
        [
          457,
          458
        ],
        [
          465,
          466
        ],
        [
          465,
          473
        ],
        [
          466,
          467
        ],
        [
          466,
          471
        ],
        [
          473,
          474
        ],
        [
          473,
          476
        ],
        [
          498,
          499
        ],
        [
          498,
          509
        ],
        [
          499,
          500
        ],
        [
          499,
          506
        ],
        [
          512,
          513
        ],
        [
          512,
          523
        ],
        [
          528,
          529
        ],
        [
          528,
          543
        ],
        [
          529,
          530
        ],
        [
          529,
          540
        ],
        [
          550,
          551
        ],
        [
          550,
          554
        ],
        [
          557,
          558
        ],
        [
          557,
          564
        ],
        [
          569,
          570
        ],
        [
          569,
          573
        ],
        [
          578,
          579
        ],
        [
          578,
          588
[...]
          503
        ],
        [
          518,
          519
        ],
        [
          518,
          521
        ],
        [
          528,
          529
        ],
        [
          528,
          537
        ],
        [
          529,
          528
        ],
        [
          529,
          530
        ],
        [
          537,
          -506
        ],
        [
          537,
          538
        ],
        [
          553,
          554
        ],
        [
          553,
          557
        ],
        [
          564,
          -541
        ],
        [
          564,
          565
        ],
        [
          569,
          -541
        ],
        [
          569,
          570
        ],
        [
          582,
          583
        ],
        [
          582,
          584
        ],
        [
          596,
          597
        ],
        [
          596,
          599
        ],
        [
          599,
          -588
        ],
        [
          599,
          600
        ],
        [
          602,
          603
        ],
        [
          602,
          605
        ]
      ],
      "missing_lines": [
        130,
        136,
        137,
        138,
        139,
        140,
        141,
        144,
        145,
        146,
        147,
        148,
        149,
        150,
        153,
        154,
        157,
        158,
        159,
        162,
        165,
        166,
        169,
        170,
        171,
        172,
        175,
        176,
        179,
        180,
        193,
        195,
        196,
        202,
        205,
        206,
        207,
        210,
        211,
        216,
        217,
        223,
        228,
        229,
        238,
        239,
        290,
        291,
        292,
        294,
        298,
        299,
        300,
        302,
        305,
        306,
        308,
        310,
        311,
        312,
        313,
        314,
        316,
        319,
        320,
        322,
        323,
        325,
        326,
        327,
        329,
        331,
        336,
        337,
        338,
        339,
        340,
        343,
        344,
        350,
        355,
        358,
        362,
        363,
        364,
        365,
        366,
        368,
        369,
        370,
        371,
        372,
        373,
        375,
        377,
        378,
        380,
        381,
        384,
        386,
        387,
        388,
        391,
        392,
        394,
        397,
        398,
        402,
        403,
        404,
        408,
        410,
        411,
        413,
        414,
        416,
        417,
        418,
        421,
        422,
        425,
        431,
        433,
        434,
        441,
        442,
        444,
        447,
        448,
        449,
        450,
        453,
        456,
        460,
        462,
        463,
        464,
        465,
        466,
        467,
        469,
        470,
        471,
        472,
        473,
        474,
        476,
        477,
        481,
        482,
        484,
        485,
        487,
        491,
        492,
        494,
        495,
        496,
        498,
        502,
        503,
        504,
        518,
        519,
        521,
        522,
        525,
        528,
        529,
        530,
        531,
        532,
        533,
        534,
        537,
        538,
        539,
        553,
        554,
        555,
        557,
        559,
        560,
        561,
        564,
        565,
        566,
        567,
        569,
        570,
        581,
        582,
        583,
        584,
        585,
        586,
        596,
        597,
        599,
        600,
        601,
        602,
        603,
        605,
        606,
        607
      ],
      "summary": {
        "covered_branches": 0,
        "covered_lines": 33,
        "excluded_lines": 34,
        "missing_branches": 88,
        "missing_lines": 206,
        "num_branches": 88,
        "num_partial_branches": 0,
        "num_statements": 239,
        "percent_branches_covered": 0.0,
        "percent_branches_covered_display": "0",
        "percent_covered": 10.091743119266056,
        "percent_covered_display": "10",
        "percent_statements_covered": 13.807531380753138,
        "percent_statements_covered_display": "14"
      }
    },
    "mcp_common/websocket/tls.py": {
      "classes": {
        "": {
          "excluded_lines": [],
          "executed_branches": [],
          "executed_lines": [
            8,
            10,
            11,
            12,
            13,
            14,
            15,
            16,
            18,
            19,
            20,
            21,
            22,
            24,
            27,
            118,
            198,
            230,
            273
          ],
          "missing_branches": [
            [
              155,
              156
            ],
            [
              155,
              165
            ],
            [
              156,
              157
            ],
            [
              156,
              158
            ],
            [
              158,
              159
            ],
            [
              158,
              161
            ],
            [
              165,
              166
            ],
            [
              165,
              177
            ],
            [
              169,
              170
            ],
            [
              169,
              177
            ],
            [
              171,
              172
            ],
            [
              171,
              173
            ],
            [
              322,
              323
            ],
            [
              322,
              326
            ],
            [
              326,
              327
            ],
            [
              326,
              335
            ],
            [
              330,
              331
            ],
            [
              330,
              335
            ],
            [
              335,
              336
            ],
            [
              335,
              343
            ]
          ],
          "missing_lines": [
            47,
            54,
            63,
            83,
            84,
            86,
            88,
            89,
            92,
            97,
            99,
            104,
            106,
            108,
            109,
            110,
            111,
            112,
            114,
            115,
            148,
            149,
            152,
            155,
            156,
            157,
            158,
            159,
            161,
            162,
            165,
            166,
            169,
            170,
            171,
            172,
            173,
            174,
            177,
            187,
            190,
            191,
            192,
            193,
            195,
            221,
            254,
            260,
            265,
            270,
            293,
            294,
            306,
            308,
            309,
            310,
            313,
            314,
            315,
            316,
            319,
            320,
            322,
            323,
            324,
            325,
            326,
            327,
            328,
            330,
            331,
            332,
            335,
            336,
            338,
            339,
            340,
            341,
            343
          ],
          "start_line": 1,
          "summary": {
            "covered_branches": 0,
            "covered_lines": 19,
            "excluded_lines": 0,
            "missing_branches": 20,
            "missing_lines": 79,
            "num_branches": 20,
            "num_partial_branches": 0,
            "num_statements": 98,
            "percent_branches_covered": 0.0,
            "percent_branches_covered_display": "0",
            "percent_covered": 16.10169491525424,
            "percent_covered_display": "16",
            "percent_statements_covered": 19.387755102040817,
            "percent_statements_covered_display": "19"
          }
        }
      },
      "excluded_lines": [],
      "executed_branches": [],
      "executed_lines": [
        8,
        10,
        11,
        12,
        13,
        14,
        15,
        16,
        18,
        19,
        20,
        21,
        22,
        24,
        27,
        118,
        198,
        230,
        273
      ],
      "functions": {
        "": {
          "excluded_lines": [],
          "executed_branches": [],
          "executed_lines": [
            8,
            10,
            11,
            12,
            13,
            14,
            15,
            16,
            18,
            19,
            20,
            21,
            22,
            24,
            27,
            118,
            198,
            230,
            273
          ],
          "missing_branches": [],
          "missing_lines": [],
          "start_line": 1,
          "summary": {
            "covered_branches": 0,
            "covered_lines": 19,
            "excluded_lines": 0,
            "missing_branches": 0,
            "missing_lines": 0,
            "num_branches": 0,
            "num_partial_branches": 0,
            "num_statements": 19,
            "percent_branches_covered": 100.0,
            "percent_branches_covered_display": "100",
            "percent_covered": 100.0,
            "percent_covered_display": "100",
            "percent_statements_covered": 100.0,
            "percent_statements_covered_display": "100"
          }
        },
        "create_development_ssl_context": {
          "excluded_lines": [],
          "executed_branches": [],
          "executed_lines": [],
          "missing_branches": [],
          "missing_lines": [
            254,
            260,
            265,
            270
          ],
          "start_line": 230,
          "summary": {
            "covered_branches": 0,
            "covered_lines": 0,
            "excluded_lines": 0,
            "missing_branches": 0,
            "missing_lines": 4,
            "num_branches": 0,
            "num_partial_branches": 0,
            "num_statements": 4,
            "percent_branches_covered": 100.0,
            "percent_branches_covered_display": "100",
            "percent_covered": 0.0,
            "percent_covered_display": "0",
            "percent_statements_covered": 0.0,
            "percent_statements_covered_display": "0"
          }
        },
        "create_ssl_context": {
          "excluded_lines": [],
          "executed_branches": [],
          "executed_lines": [],
          "missing_branches": [
            [
              155,
              156
            ],
            [
              155,
              165
            ],
            [
              156,
              157
            ],
            [
              156,
              158
            ],
            [
              158,
              159
            ],
            [
              158,
              161
            ],
            [
              165,
              166
            ],
            [
              165,
              177
            ],
            [
              169,
              170
            ],
            [
              169,
              177
            ],
            [
              171,
              172
            ],
            [
              171,
              173
            ]
          ],
          "missing_lines": [
            148,
            149,
            152,
            155,
            156,
            157,
            158,
            159,
            161,
            162,
            165,
            166,
            169,
            170,
            171,
            172,
            173,
            174,
            177,
            187,
            190,
            191,
            192,
            193,
            195
          ],
          "start_line": 118,
          "summary": {
            "covered_branches": 0,
            "covered_lines": 0,
            "excluded_lines": 0,
            "missing_branches": 12,
            "missing_lines": 25,
            "num_branches": 12,
            "num_partial_branches": 0,
            "num_statements": 25,
            "percent_branches_covered": 0.0,
            "percent_branches_covered_display": "0",
            "percent_covered": 0.0,
            "percent_covered_display": "0",
            "percent_statements_covered": 0.0,
            "percent_statements_covered_display": "0"
          }
        },
        "generate_self_signed_cert": {
          "excluded_lines": [],
          "executed_branches": [],
          "executed_lines": [],
          "missing_branches": [],
          "missing_lines": [
            47,
            54,
            63,
            83,
            84,
            86,
            88,
            89,
            92,
            97,
            99,
            104,
            106,
            108,
            109,
            110,
            111,
            112,
            114,
            115
          ],
          "start_line": 27,
          "summary": {
            "covered_branches": 0,
            "covered_lines": 0,
            "excluded_lines": 0,
            "missing_branches": 0,
            "missing_lines": 20,
            "num_branches": 0,
            "num_partial_branches": 0,
            "num_statements": 20,
            "percent_branches_covered": 100.0,
            "percent_branches_covered_display": "100",
            "percent_covered": 0.0,
            "percent_covered_display": "0",
            "percent_statements_covered": 0.0,
            "percent_statements_covered_display": "0"
          }
        },
        "get_tls_config_from_env": {
          "excluded_lines": [],
          "executed_branches": [],
          "executed_lines": [],
          "missing_branches": [],
          "missing_lines": [
            221
          ],
          "start_line": 198,
          "summary": {
            "covered_branches": 0,
            "covered_lines": 0,
            "excluded_lines": 0,
            "missing_branches": 0,
            "missing_lines": 1,
            "num_branches": 0,
            "num_partial_branches": 0,
            "num_statements": 1,
            "percent_branches_covered": 100.0,
            "percent_branches_covered_display": "100",
            "percent_covered": 0.0,
            "percent_covered_display": "0",
            "percent_statements_covered": 0.0,
            "percent_statements_covered_display": "0"
          }
        },
        "validate_certificate": {
          "excluded_lines": [],
          "executed_branches": [],
          "executed_lines": [],
          "missing_branches": [
            [
              322,
              323
            ],
            [
              322,
              326
            ],
            [
              326,
              327
            ],
            [
              326,
              335
            ],
            [
              330,
              331
            ],
            [
              330,
              335
            ],
            [
              335,
              336
            ],
            [
              335,
              343
            ]
          ],
          "missing_lines": [
            293,
            294,
            306,
            308,
            309,
            310,
            313,
            314,
            315,
            316,
            319,
            320,
            322,
            323,
            324,
            325,
            326,
            327,
            328,
            330,
            331,
            332,
            335,
            336,
            338,
            339,
            340,
            341,
            343
          ],
          "start_line": 273,
          "summary": {
            "covered_branches": 0,
            "covered_lines": 0,
            "excluded_lines": 0,
            "missing_branches": 8,
            "missing_lines": 29,
            "num_branches": 8,
            "num_partial_branches": 0,
            "num_statements": 29,
            "percent_branches_covered": 0.0,
            "percent_branches_covered_display": "0",
            "percent_covered": 0.0,
            "percent_covered_display": "0",
            "percent_statements_covered": 0.0,
            "percent_statements_covered_display": "0"
          }
        }
      },
      "missing_branches": [
        [
          155,
          156
        ],
        [
          155,
          165
        ],
        [
          156,
          157
        ],
        [
          156,
          158
        ],
        [
          158,
          159
        ],
        [
          158,
          161
        ],
        [
          165,
          166
        ],
        [
          165,
          177
        ],
        [
          169,
          170
        ],
        [
          169,
          177
        ],
        [
          171,
          172
        ],
        [
          171,
          173
        ],
        [
          322,
          323
        ],
        [
          322,
          326
        ],
        [
          326,
          327
        ],
        [
          326,
          335
        ],
        [
          330,
          331
        ],
        [
          330,
          335
        ],
        [
          335,
          336
        ],
        [
          335,
          343
        ]
      ],
      "missing_lines": [
        47,
        54,
        63,
        83,
        84,
        86,
        88,
        89,
        92,
        97,
        99,
        104,
        106,
        108,
        109,
        110,
        111,
        112,
        114,
        115,
        148,
        149,
        152,
        155,
        156,
        157,
        158,
        159,
        161,
        162,
        165,
        166,
        169,
        170,
        171,
        172,
        173,
        174,
        177,
        187,
        190,
        191,
        192,
        193,
        195,
        221,
        254,
        260,
        265,
        270,
        293,
        294,
        306,
        308,
        309,
        310,
        313,
        314,
        315,
        316,
        319,
        320,
        322,
        323,
        324,
        325,
        326,
        327,
        328,
        330,
        331,
        332,
        335,
        336,
        338,
        339,
        340,
        341,
        343
      ],
      "summary": {
        "covered_branches": 0,
        "covered_lines": 19,
        "excluded_lines": 0,
        "missing_branches": 20,
        "missing_lines": 79,
        "num_branches": 20,
        "num_partial_branches": 0,
        "num_statements": 98,
        "percent_branches_covered": 0.0,
        "percent_branches_covered_display": "0",
        "percent_covered": 16.10169491525424,
        "percent_covered_display": "16",
        "percent_statements_covered": 19.387755102040817,
        "percent_statements_covered_display": "19"
      }
    }
  },
  "meta": {
    "branch_coverage": true,
    "format": 3,
    "show_contexts": false,
    "timestamp": "2026-04-11T21:12:18.980034",
    "version": "7.13.5"
  },
  "totals": {
    "covered_branches": 704,
    "covered_lines": 2652,
    "excluded_lines": 425,
    "missing_branches": 426,
    "missing_lines": 1093,
    "num_branches": 1130,
    "num_partial_branches": 82,
    "num_statements": 3745,
    "percent_branches_covered": 62.30088495575221,
    "percent_branches_covered_display": "62",
    "percent_covered": 68.84102564102564,
    "percent_covered_display": "69",
    "percent_statements_covered": 70.81441922563418,
    "percent_statements_covered_display": "71"
  }
}
